Build started 27/02/2014 21:45:19.
     1>Project "C:\Users\EstherTomas\Downloads\U-TAD-2013-2014\Comportamientos\Practica\Comportamientos\Comportamientos\Comportamientos.vcxproj" on node 2 (Build target(s)).
     1>InitializeBuildStatus:
         Creating "Debug\Comportamientos.unsuccessfulbuild" because "AlwaysCreate" was specified.
       ClCompile:
         All outputs are up-to-date.
         C:\Program Files (x86)\Microsoft Visual Studio 11.0\VC\bin\CL.exe /c /ZI /nologo /W4 /WX- /Od /Oy- /D WIN32 /D _DEBUG /D _CONSOLE /D _MBCS /Gm /EHsc /RTC1 /MDd /GS /fp:precise /Zc:wchar_t /Zc:forScope /Fo"Debug\\" /Fd"Debug\vc110.pdb" /Gd /TP /analyze- /errorReport:prompt components\PlayerControllerComponent.cpp
         PlayerControllerComponent.cpp
         All outputs are up-to-date.
       Link:
         C:\Program Files (x86)\Microsoft Visual Studio 11.0\VC\bin\link.exe /ERRORREPORT:PROMPT /OUT:"C:\Users\EstherTomas\Downloads\U-TAD-2013-2014\Comportamientos\Practica\Comportamientos\Debug\Comportamientos.exe" /INCREMENTAL /NOLOGO bass/bass.lib glfw.win32.lib opengl32.lib kernel32.lib user32.lib gdi32.lib winspool.lib comdlg32.lib advapi32.lib shell32.lib ole32.lib oleaut32.lib uuid.lib odbc32.lib odbccp32.lib /MANIFEST /MANIFESTUAC:"level='asInvoker' uiAccess='false'" /manifest:embed /DEBUG /PDB:"C:\Users\EstherTomas\Downloads\U-TAD-2013-2014\Comportamientos\Practica\Comportamientos\Debug\Comportamientos.pdb" /SUBSYSTEM:CONSOLE /TLBID:1 /DYNAMICBASE /NXCOMPAT /IMPLIB:"C:\Users\EstherTomas\Downloads\U-TAD-2013-2014\Comportamientos\Practica\Comportamientos\Debug\Comportamientos.lib" /MACHINE:X86 Debug\ComponentsFactory.obj
         Debug\BaseComponent.obj
         Debug\PlayerControllerComponent.obj
         Debug\Comportamientos.obj
         Debug\EntitiesFactory.obj
         Debug\BaseEntity.obj
         Debug\ButtonEntity.obj
         Debug\ComponentsEntity.obj
         Debug\HardcodedPlayerEntity.obj
         Debug\EventsManager.obj
         Debug\Game.obj
         Debug\IEntitiesFactory.obj
         Debug\stb_image.obj
         Debug\SceneManager.obj
         Debug\BaseScene.obj
         Debug\MenuScene.obj
         Debug\SoundsFactory.obj
         Debug\SoundsManager.obj
         Debug\BaseSound.obj
         Debug\PreloadedSound.obj
         Debug\StreamSound.obj
         Debug\SpritesFactory.obj
         Debug\bone.obj
         Debug\camera.obj
         Debug\collisionmanager.obj
         Debug\collisionpixeldata.obj
         Debug\emitter.obj
         Debug\font.obj
         Debug\image.obj
         Debug\isometricmap.obj
         Debug\isometricscene.obj
         Debug\isometricsprite.obj
         Debug\map.obj
         Debug\mapscene.obj
         Debug\math.obj
         Debug\parallaxscene.obj
         Debug\particle.obj
         Debug\renderer.obj
         Debug\resourcemanager.obj
         Debug\scene.obj
         Debug\screen.obj
         Debug\skeletondata.obj
         Debug\skeletonsprite.obj
         Debug\sprite.obj
         Debug\stdafx.obj
         Debug\json.obj
         Debug\leaks.obj
         Debug\leaks_windows.obj
         Comportamientos.vcxproj -> C:\Users\EstherTomas\Downloads\U-TAD-2013-2014\Comportamientos\Practica\Comportamientos\Debug\Comportamientos.exe
       FinalizeBuildStatus:
         Deleting file "Debug\Comportamientos.unsuccessfulbuild".
         Touching "Debug\Comportamientos.lastbuildstate".
     1>Done Building Project "C:\Users\EstherTomas\Downloads\U-TAD-2013-2014\Comportamientos\Practica\Comportamientos\Comportamientos\Comportamientos.vcxproj" (Build target(s)).

Build succeeded.

Time Elapsed 00:00:00.66
