C:\USERS\ESTHERTOMAS\DOWNLOADS\U-TAD-2013-2014\COMPORTAMIENTOS\PRACTICA\COMPORTAMIENTOS\COMPORTAMIENTOS\DEBUG\COMPORTAMIENTOS.PCH
C:\USERS\ESTHERTOMAS\DOWNLOADS\U-TAD-2013-2014\COMPORTAMIENTOS\PRACTICA\COMPORTAMIENTOS\COMPORTAMIENTOS\DEBUG\STDAFX.OBJ
C:\USERS\ESTHERTOMAS\DOWNLOADS\U-TAD-2013-2014\COMPORTAMIENTOS\PRACTICA\COMPORTAMIENTOS\COMPORTAMIENTOS\DEBUG\VC110.PDB
C:\USERS\ESTHERTOMAS\DOWNLOADS\U-TAD-2013-2014\COMPORTAMIENTOS\PRACTICA\COMPORTAMIENTOS\COMPORTAMIENTOS\DEBUG\FONT.OBJ
C:\USERS\ESTHERTOMAS\DOWNLOADS\U-TAD-2013-2014\COMPORTAMIENTOS\PRACTICA\COMPORTAMIENTOS\COMPORTAMIENTOS\DEBUG\IMAGE.OBJ
C:\USERS\ESTHERTOMAS\DOWNLOADS\U-TAD-2013-2014\COMPORTAMIENTOS\PRACTICA\COMPORTAMIENTOS\COMPORTAMIENTOS\DEBUG\ISOMETRICMAP.OBJ
C:\USERS\ESTHERTOMAS\DOWNLOADS\U-TAD-2013-2014\COMPORTAMIENTOS\PRACTICA\COMPORTAMIENTOS\COMPORTAMIENTOS\DEBUG\ISOMETRICSCENE.OBJ
C:\USERS\ESTHERTOMAS\DOWNLOADS\U-TAD-2013-2014\COMPORTAMIENTOS\PRACTICA\COMPORTAMIENTOS\COMPORTAMIENTOS\DEBUG\ISOMETRICSPRITE.OBJ
C:\USERS\ESTHERTOMAS\DOWNLOADS\U-TAD-2013-2014\COMPORTAMIENTOS\PRACTICA\COMPORTAMIENTOS\COMPORTAMIENTOS\DEBUG\MAP.OBJ
C:\USERS\ESTHERTOMAS\DOWNLOADS\U-TAD-2013-2014\COMPORTAMIENTOS\PRACTICA\COMPORTAMIENTOS\COMPORTAMIENTOS\DEBUG\MAPSCENE.OBJ
C:\USERS\ESTHERTOMAS\DOWNLOADS\U-TAD-2013-2014\COMPORTAMIENTOS\PRACTICA\COMPORTAMIENTOS\COMPORTAMIENTOS\DEBUG\MATH.OBJ
C:\USERS\ESTHERTOMAS\DOWNLOADS\U-TAD-2013-2014\COMPORTAMIENTOS\PRACTICA\COMPORTAMIENTOS\COMPORTAMIENTOS\DEBUG\PARALLAXSCENE.OBJ
C:\USERS\ESTHERTOMAS\DOWNLOADS\U-TAD-2013-2014\COMPORTAMIENTOS\PRACTICA\COMPORTAMIENTOS\COMPORTAMIENTOS\DEBUG\PARTICLE.OBJ
C:\USERS\ESTHERTOMAS\DOWNLOADS\U-TAD-2013-2014\COMPORTAMIENTOS\PRACTICA\COMPORTAMIENTOS\COMPORTAMIENTOS\DEBUG\RENDERER.OBJ
C:\USERS\ESTHERTOMAS\DOWNLOADS\U-TAD-2013-2014\COMPORTAMIENTOS\PRACTICA\COMPORTAMIENTOS\COMPORTAMIENTOS\DEBUG\RESOURCEMANAGER.OBJ
C:\USERS\ESTHERTOMAS\DOWNLOADS\U-TAD-2013-2014\COMPORTAMIENTOS\PRACTICA\COMPORTAMIENTOS\COMPORTAMIENTOS\DEBUG\SCENE.OBJ
C:\USERS\ESTHERTOMAS\DOWNLOADS\U-TAD-2013-2014\COMPORTAMIENTOS\PRACTICA\COMPORTAMIENTOS\COMPORTAMIENTOS\DEBUG\SCREEN.OBJ
C:\USERS\ESTHERTOMAS\DOWNLOADS\U-TAD-2013-2014\COMPORTAMIENTOS\PRACTICA\COMPORTAMIENTOS\COMPORTAMIENTOS\DEBUG\SKELETONDATA.OBJ
C:\USERS\ESTHERTOMAS\DOWNLOADS\U-TAD-2013-2014\COMPORTAMIENTOS\PRACTICA\COMPORTAMIENTOS\COMPORTAMIENTOS\DEBUG\SKELETONSPRITE.OBJ
C:\USERS\ESTHERTOMAS\DOWNLOADS\U-TAD-2013-2014\COMPORTAMIENTOS\PRACTICA\COMPORTAMIENTOS\COMPORTAMIENTOS\DEBUG\SPRITE.OBJ
C:\USERS\ESTHERTOMAS\DOWNLOADS\U-TAD-2013-2014\COMPORTAMIENTOS\PRACTICA\COMPORTAMIENTOS\COMPORTAMIENTOS\DEBUG\JSON.OBJ
C:\USERS\ESTHERTOMAS\DOWNLOADS\U-TAD-2013-2014\COMPORTAMIENTOS\PRACTICA\COMPORTAMIENTOS\COMPORTAMIENTOS\DEBUG\LEAKS.OBJ
C:\USERS\ESTHERTOMAS\DOWNLOADS\U-TAD-2013-2014\COMPORTAMIENTOS\PRACTICA\COMPORTAMIENTOS\COMPORTAMIENTOS\DEBUG\LEAKS_WINDOWS.OBJ
C:\USERS\ESTHERTOMAS\DOWNLOADS\U-TAD-2013-2014\COMPORTAMIENTOS\PRACTICA\COMPORTAMIENTOS\COMPORTAMIENTOS\DEBUG\BASEENTITY.OBJ
C:\USERS\ESTHERTOMAS\DOWNLOADS\U-TAD-2013-2014\COMPORTAMIENTOS\PRACTICA\COMPORTAMIENTOS\COMPORTAMIENTOS\DEBUG\BUTTONENTITY.OBJ
C:\USERS\ESTHERTOMAS\DOWNLOADS\U-TAD-2013-2014\COMPORTAMIENTOS\PRACTICA\COMPORTAMIENTOS\COMPORTAMIENTOS\DEBUG\COMPONENTSENTITY.OBJ
C:\USERS\ESTHERTOMAS\DOWNLOADS\U-TAD-2013-2014\COMPORTAMIENTOS\PRACTICA\COMPORTAMIENTOS\COMPORTAMIENTOS\DEBUG\EVENTSMANAGER.OBJ
C:\USERS\ESTHERTOMAS\DOWNLOADS\U-TAD-2013-2014\COMPORTAMIENTOS\PRACTICA\COMPORTAMIENTOS\COMPORTAMIENTOS\DEBUG\GAME.OBJ
C:\USERS\ESTHERTOMAS\DOWNLOADS\U-TAD-2013-2014\COMPORTAMIENTOS\PRACTICA\COMPORTAMIENTOS\COMPORTAMIENTOS\DEBUG\IENTITIESFACTORY.OBJ
C:\USERS\ESTHERTOMAS\DOWNLOADS\U-TAD-2013-2014\COMPORTAMIENTOS\PRACTICA\COMPORTAMIENTOS\COMPORTAMIENTOS\DEBUG\SCENEMANAGER.OBJ
C:\USERS\ESTHERTOMAS\DOWNLOADS\U-TAD-2013-2014\COMPORTAMIENTOS\PRACTICA\COMPORTAMIENTOS\COMPORTAMIENTOS\DEBUG\BASESCENE.OBJ
C:\USERS\ESTHERTOMAS\DOWNLOADS\U-TAD-2013-2014\COMPORTAMIENTOS\PRACTICA\COMPORTAMIENTOS\COMPORTAMIENTOS\DEBUG\MENUSCENE.OBJ
C:\USERS\ESTHERTOMAS\DOWNLOADS\U-TAD-2013-2014\COMPORTAMIENTOS\PRACTICA\COMPORTAMIENTOS\COMPORTAMIENTOS\DEBUG\SOUNDSFACTORY.OBJ
C:\USERS\ESTHERTOMAS\DOWNLOADS\U-TAD-2013-2014\COMPORTAMIENTOS\PRACTICA\COMPORTAMIENTOS\COMPORTAMIENTOS\DEBUG\SOUNDSMANAGER.OBJ
C:\USERS\ESTHERTOMAS\DOWNLOADS\U-TAD-2013-2014\COMPORTAMIENTOS\PRACTICA\COMPORTAMIENTOS\COMPORTAMIENTOS\DEBUG\BASESOUND.OBJ
C:\USERS\ESTHERTOMAS\DOWNLOADS\U-TAD-2013-2014\COMPORTAMIENTOS\PRACTICA\COMPORTAMIENTOS\COMPORTAMIENTOS\DEBUG\PRELOADEDSOUND.OBJ
C:\USERS\ESTHERTOMAS\DOWNLOADS\U-TAD-2013-2014\COMPORTAMIENTOS\PRACTICA\COMPORTAMIENTOS\COMPORTAMIENTOS\DEBUG\STREAMSOUND.OBJ
C:\USERS\ESTHERTOMAS\DOWNLOADS\U-TAD-2013-2014\COMPORTAMIENTOS\PRACTICA\COMPORTAMIENTOS\COMPORTAMIENTOS\DEBUG\SPRITESFACTORY.OBJ
C:\USERS\ESTHERTOMAS\DOWNLOADS\U-TAD-2013-2014\COMPORTAMIENTOS\PRACTICA\COMPORTAMIENTOS\COMPORTAMIENTOS\DEBUG\BONE.OBJ
C:\USERS\ESTHERTOMAS\DOWNLOADS\U-TAD-2013-2014\COMPORTAMIENTOS\PRACTICA\COMPORTAMIENTOS\COMPORTAMIENTOS\DEBUG\CAMERA.OBJ
C:\USERS\ESTHERTOMAS\DOWNLOADS\U-TAD-2013-2014\COMPORTAMIENTOS\PRACTICA\COMPORTAMIENTOS\COMPORTAMIENTOS\DEBUG\COLLISIONMANAGER.OBJ
C:\USERS\ESTHERTOMAS\DOWNLOADS\U-TAD-2013-2014\COMPORTAMIENTOS\PRACTICA\COMPORTAMIENTOS\COMPORTAMIENTOS\DEBUG\COLLISIONPIXELDATA.OBJ
C:\USERS\ESTHERTOMAS\DOWNLOADS\U-TAD-2013-2014\COMPORTAMIENTOS\PRACTICA\COMPORTAMIENTOS\COMPORTAMIENTOS\DEBUG\EMITTER.OBJ
C:\USERS\ESTHERTOMAS\DOWNLOADS\U-TAD-2013-2014\COMPORTAMIENTOS\PRACTICA\COMPORTAMIENTOS\COMPORTAMIENTOS\DEBUG\BASECOMPONENT.OBJ
C:\USERS\ESTHERTOMAS\DOWNLOADS\U-TAD-2013-2014\COMPORTAMIENTOS\PRACTICA\COMPORTAMIENTOS\COMPORTAMIENTOS\DEBUG\PLAYERCONTROLLERCOMPONENT.OBJ
C:\USERS\ESTHERTOMAS\DOWNLOADS\U-TAD-2013-2014\COMPORTAMIENTOS\PRACTICA\COMPORTAMIENTOS\COMPORTAMIENTOS\DEBUG\COMPORTAMIENTOS.OBJ
C:\USERS\ESTHERTOMAS\DOWNLOADS\U-TAD-2013-2014\COMPORTAMIENTOS\PRACTICA\COMPORTAMIENTOS\COMPORTAMIENTOS\DEBUG\ENTITIESFACTORY.OBJ
C:\USERS\ESTHERTOMAS\DOWNLOADS\U-TAD-2013-2014\COMPORTAMIENTOS\PRACTICA\COMPORTAMIENTOS\COMPORTAMIENTOS\DEBUG\STB_IMAGE.OBJ
C:\Users\EstherTomas\Downloads\U-TAD-2013-2014\Comportamientos\Practica\Comportamientos\Comportamientos\Debug\BaseComponent.obj
C:\Users\EstherTomas\Downloads\U-TAD-2013-2014\Comportamientos\Practica\Comportamientos\Comportamientos\Debug\BaseEntity.obj
C:\Users\EstherTomas\Downloads\U-TAD-2013-2014\Comportamientos\Practica\Comportamientos\Comportamientos\Debug\BaseScene.obj
C:\Users\EstherTomas\Downloads\U-TAD-2013-2014\Comportamientos\Practica\Comportamientos\Comportamientos\Debug\BaseSound.obj
C:\Users\EstherTomas\Downloads\U-TAD-2013-2014\Comportamientos\Practica\Comportamientos\Comportamientos\Debug\bone.obj
C:\Users\EstherTomas\Downloads\U-TAD-2013-2014\Comportamientos\Practica\Comportamientos\Comportamientos\Debug\ButtonEntity.obj
C:\Users\EstherTomas\Downloads\U-TAD-2013-2014\Comportamientos\Practica\Comportamientos\Comportamientos\Debug\camera.obj
C:\Users\EstherTomas\Downloads\U-TAD-2013-2014\Comportamientos\Practica\Comportamientos\Comportamientos\Debug\collisionmanager.obj
C:\Users\EstherTomas\Downloads\U-TAD-2013-2014\Comportamientos\Practica\Comportamientos\Comportamientos\Debug\collisionpixeldata.obj
C:\Users\EstherTomas\Downloads\U-TAD-2013-2014\Comportamientos\Practica\Comportamientos\Comportamientos\Debug\ComponentsEntity.obj
C:\Users\EstherTomas\Downloads\U-TAD-2013-2014\Comportamientos\Practica\Comportamientos\Comportamientos\Debug\Comportamientos.obj
C:\Users\EstherTomas\Downloads\U-TAD-2013-2014\Comportamientos\Practica\Comportamientos\Comportamientos\Debug\emitter.obj
C:\Users\EstherTomas\Downloads\U-TAD-2013-2014\Comportamientos\Practica\Comportamientos\Comportamientos\Debug\EntitiesFactory.obj
C:\Users\EstherTomas\Downloads\U-TAD-2013-2014\Comportamientos\Practica\Comportamientos\Comportamientos\Debug\EventsManager.obj
C:\Users\EstherTomas\Downloads\U-TAD-2013-2014\Comportamientos\Practica\Comportamientos\Comportamientos\Debug\font.obj
C:\Users\EstherTomas\Downloads\U-TAD-2013-2014\Comportamientos\Practica\Comportamientos\Comportamientos\Debug\Game.obj
C:\Users\EstherTomas\Downloads\U-TAD-2013-2014\Comportamientos\Practica\Comportamientos\Comportamientos\Debug\IEntitiesFactory.obj
C:\Users\EstherTomas\Downloads\U-TAD-2013-2014\Comportamientos\Practica\Comportamientos\Comportamientos\Debug\image.obj
C:\Users\EstherTomas\Downloads\U-TAD-2013-2014\Comportamientos\Practica\Comportamientos\Comportamientos\Debug\isometricmap.obj
C:\Users\EstherTomas\Downloads\U-TAD-2013-2014\Comportamientos\Practica\Comportamientos\Comportamientos\Debug\isometricscene.obj
C:\Users\EstherTomas\Downloads\U-TAD-2013-2014\Comportamientos\Practica\Comportamientos\Comportamientos\Debug\isometricsprite.obj
C:\Users\EstherTomas\Downloads\U-TAD-2013-2014\Comportamientos\Practica\Comportamientos\Comportamientos\Debug\json.obj
C:\Users\EstherTomas\Downloads\U-TAD-2013-2014\Comportamientos\Practica\Comportamientos\Comportamientos\Debug\leaks.obj
C:\Users\EstherTomas\Downloads\U-TAD-2013-2014\Comportamientos\Practica\Comportamientos\Comportamientos\Debug\leaks_windows.obj
C:\Users\EstherTomas\Downloads\U-TAD-2013-2014\Comportamientos\Practica\Comportamientos\Comportamientos\Debug\map.obj
C:\Users\EstherTomas\Downloads\U-TAD-2013-2014\Comportamientos\Practica\Comportamientos\Comportamientos\Debug\mapscene.obj
C:\Users\EstherTomas\Downloads\U-TAD-2013-2014\Comportamientos\Practica\Comportamientos\Comportamientos\Debug\math.obj
C:\Users\EstherTomas\Downloads\U-TAD-2013-2014\Comportamientos\Practica\Comportamientos\Comportamientos\Debug\MenuScene.obj
C:\Users\EstherTomas\Downloads\U-TAD-2013-2014\Comportamientos\Practica\Comportamientos\Comportamientos\Debug\parallaxscene.obj
C:\Users\EstherTomas\Downloads\U-TAD-2013-2014\Comportamientos\Practica\Comportamientos\Comportamientos\Debug\particle.obj
C:\Users\EstherTomas\Downloads\U-TAD-2013-2014\Comportamientos\Practica\Comportamientos\Comportamientos\Debug\PlayerControllerComponent.obj
C:\Users\EstherTomas\Downloads\U-TAD-2013-2014\Comportamientos\Practica\Comportamientos\Comportamientos\Debug\PreloadedSound.obj
C:\Users\EstherTomas\Downloads\U-TAD-2013-2014\Comportamientos\Practica\Comportamientos\Comportamientos\Debug\renderer.obj
C:\Users\EstherTomas\Downloads\U-TAD-2013-2014\Comportamientos\Practica\Comportamientos\Comportamientos\Debug\resourcemanager.obj
C:\Users\EstherTomas\Downloads\U-TAD-2013-2014\Comportamientos\Practica\Comportamientos\Comportamientos\Debug\scene.obj
C:\Users\EstherTomas\Downloads\U-TAD-2013-2014\Comportamientos\Practica\Comportamientos\Comportamientos\Debug\SceneManager.obj
C:\Users\EstherTomas\Downloads\U-TAD-2013-2014\Comportamientos\Practica\Comportamientos\Comportamientos\Debug\screen.obj
C:\Users\EstherTomas\Downloads\U-TAD-2013-2014\Comportamientos\Practica\Comportamientos\Comportamientos\Debug\skeletondata.obj
C:\Users\EstherTomas\Downloads\U-TAD-2013-2014\Comportamientos\Practica\Comportamientos\Comportamientos\Debug\skeletonsprite.obj
C:\Users\EstherTomas\Downloads\U-TAD-2013-2014\Comportamientos\Practica\Comportamientos\Comportamientos\Debug\SoundsFactory.obj
C:\Users\EstherTomas\Downloads\U-TAD-2013-2014\Comportamientos\Practica\Comportamientos\Comportamientos\Debug\SoundsManager.obj
C:\Users\EstherTomas\Downloads\U-TAD-2013-2014\Comportamientos\Practica\Comportamientos\Comportamientos\Debug\sprite.obj
C:\Users\EstherTomas\Downloads\U-TAD-2013-2014\Comportamientos\Practica\Comportamientos\Comportamientos\Debug\SpritesFactory.obj
C:\Users\EstherTomas\Downloads\U-TAD-2013-2014\Comportamientos\Practica\Comportamientos\Comportamientos\Debug\stb_image.obj
C:\Users\EstherTomas\Downloads\U-TAD-2013-2014\Comportamientos\Practica\Comportamientos\Comportamientos\Debug\stdafx.obj
C:\Users\EstherTomas\Downloads\U-TAD-2013-2014\Comportamientos\Practica\Comportamientos\Comportamientos\Debug\StreamSound.obj
C:\Users\EstherTomas\Downloads\U-TAD-2013-2014\Comportamientos\Practica\Comportamientos\Comportamientos\Debug\cl.command.1.tlog
C:\Users\EstherTomas\Downloads\U-TAD-2013-2014\Comportamientos\Practica\Comportamientos\Comportamientos\Debug\CL.read.1.tlog
C:\Users\EstherTomas\Downloads\U-TAD-2013-2014\Comportamientos\Practica\Comportamientos\Comportamientos\Debug\CL.write.1.tlog
C:\Users\EstherTomas\Downloads\U-TAD-2013-2014\Comportamientos\Practica\Comportamientos\Comportamientos\Debug\link-cvtres.read.1.tlog
C:\Users\EstherTomas\Downloads\U-TAD-2013-2014\Comportamientos\Practica\Comportamientos\Comportamientos\Debug\link-cvtres.write.1.tlog
C:\Users\EstherTomas\Downloads\U-TAD-2013-2014\Comportamientos\Practica\Comportamientos\Comportamientos\Debug\link-rc.read.1.tlog
C:\Users\EstherTomas\Downloads\U-TAD-2013-2014\Comportamientos\Practica\Comportamientos\Comportamientos\Debug\link-rc.write.1.tlog
C:\Users\EstherTomas\Downloads\U-TAD-2013-2014\Comportamientos\Practica\Comportamientos\Comportamientos\Debug\link.9944-cvtres.read.1.tlog
C:\Users\EstherTomas\Downloads\U-TAD-2013-2014\Comportamientos\Practica\Comportamientos\Comportamientos\Debug\link.9944-cvtres.write.1.tlog
C:\Users\EstherTomas\Downloads\U-TAD-2013-2014\Comportamientos\Practica\Comportamientos\Comportamientos\Debug\link.9944-rc.read.1.tlog
C:\Users\EstherTomas\Downloads\U-TAD-2013-2014\Comportamientos\Practica\Comportamientos\Comportamientos\Debug\link.9944-rc.write.1.tlog
C:\Users\EstherTomas\Downloads\U-TAD-2013-2014\Comportamientos\Practica\Comportamientos\Comportamientos\Debug\link.9944.read.1.tlog
C:\Users\EstherTomas\Downloads\U-TAD-2013-2014\Comportamientos\Practica\Comportamientos\Comportamientos\Debug\link.9944.write.1.tlog
C:\Users\EstherTomas\Downloads\U-TAD-2013-2014\Comportamientos\Practica\Comportamientos\Comportamientos\Debug\link.command.1.tlog
C:\Users\EstherTomas\Downloads\U-TAD-2013-2014\Comportamientos\Practica\Comportamientos\Comportamientos\Debug\link.read.1.tlog
C:\Users\EstherTomas\Downloads\U-TAD-2013-2014\Comportamientos\Practica\Comportamientos\Comportamientos\Debug\link.write.1.tlog
C:\Users\EstherTomas\Downloads\U-TAD-2013-2014\Comportamientos\Practica\Comportamientos\Comportamientos\Debug\Comportamientos.pch
C:\Users\EstherTomas\Downloads\U-TAD-2013-2014\Comportamientos\Practica\Comportamientos\Comportamientos\Debug\vc110.idb
C:\Users\EstherTomas\Downloads\U-TAD-2013-2014\Comportamientos\Practica\Comportamientos\Comportamientos\Debug\vc110.pdb
C:\Users\EstherTomas\Downloads\U-TAD-2013-2014\Comportamientos\Practica\Comportamientos\Debug\Comportamientos.pdb
