Build started 27/02/2014 9:51:50.
     1>Project "C:\Users\EstherTomas\Downloads\U-TAD-2013-2014\Comportamientos\Practica\Comportamientos\Comportamientos\Comportamientos.vcxproj" on node 2 (Rebuild target(s)).
     1>_PrepareForClean:
         Deleting file "Release\Comportamientos.lastbuildstate".
       InitializeBuildStatus:
         Creating "Release\Comportamientos.unsuccessfulbuild" because "AlwaysCreate" was specified.
       ClCompile:
         C:\Program Files (x86)\Microsoft Visual Studio 11.0\VC\bin\CL.exe /c /Zi /nologo /W3 /WX- /O2 /Oi /Oy- /GL /D WIN32 /D NDEBUG /D _CONSOLE /D _UNICODE /D UNICODE /Gm- /EHsc /MD /GS /Gy /fp:precise /Zc:wchar_t /Zc:forScope /Yc"stdafx.h" /Fp"Release\Comportamientos.pch" /Fo"Release\\" /Fd"Release\vc110.pdb" /Gd /TP /analyze- /errorReport:prompt stdafx.cpp
         stdafx.cpp
         C:\Program Files (x86)\Microsoft Visual Studio 11.0\VC\bin\CL.exe /c /Zi /nologo /W3 /WX- /O2 /Oi /Oy- /GL /D WIN32 /D NDEBUG /D _CONSOLE /D _UNICODE /D UNICODE /Gm- /EHsc /MD /GS /Gy /fp:precise /Zc:wchar_t /Zc:forScope /Fo"Release\\" /Fd"Release\vc110.pdb" /Gd /TP /analyze- /errorReport:prompt Comportamientos.cpp EntitiesFactory.cpp entities\BaseEntity.cpp entities\ButtonEntity.cpp entities\ComponentsEntity.cpp EventsManager.cpp Game.cpp IEntitiesFactory.h SceneManager.cpp scenes\BaseScene.cpp scenes\MenuScene.cpp SoundsFactory.cpp SoundsManager.cpp sounds\BaseSound.cpp sounds\PreloadedSound.cpp sounds\StreamSound.cpp SpritesFactory.cpp src\bone.cpp src\camera.cpp src\collisionmanager.cpp src\collisionpixeldata.cpp src\emitter.cpp src\font.cpp src\image.cpp src\isometricmap.cpp src\isometricscene.cpp src\isometricsprite.cpp src\map.cpp src\mapscene.cpp src\math.cpp src\parallaxscene.cpp src\particle.cpp src\renderer.cpp src\resourcemanager.cpp src\scene.cpp src\screen.cpp src\skeletondata.cpp src\skeletonsprite.cpp src\sprite.cpp Utils\json.cpp Utils\leaks.cpp Utils\leaks_windows.cpp
         Comportamientos.cpp
         EntitiesFactory.cpp
         BaseEntity.cpp
         ButtonEntity.cpp
         ComponentsEntity.cpp
         EventsManager.cpp
         Game.cpp
         IEntitiesFactory.h
         SceneManager.cpp
         BaseScene.cpp
         MenuScene.cpp
         SoundsFactory.cpp
         SoundsManager.cpp
         BaseSound.cpp
         PreloadedSound.cpp
         StreamSound.cpp
         SpritesFactory.cpp
         bone.cpp
         camera.cpp
         collisionmanager.cpp
         Compiling...
         collisionpixeldata.cpp
         emitter.cpp
         font.cpp
         image.cpp
         isometricmap.cpp
         isometricscene.cpp
         isometricsprite.cpp
         map.cpp
         mapscene.cpp
         math.cpp
         parallaxscene.cpp
         particle.cpp
         renderer.cpp
         resourcemanager.cpp
         scene.cpp
         screen.cpp
         skeletondata.cpp
         skeletonsprite.cpp
         sprite.cpp
         json.cpp
         Compiling...
         leaks.cpp
         leaks_windows.cpp
         C:\Program Files (x86)\Microsoft Visual Studio 11.0\VC\bin\CL.exe /c /Zi /nologo /W3 /WX- /O2 /Oi /Oy- /GL /D WIN32 /D NDEBUG /D _CONSOLE /D _UNICODE /D UNICODE /Gm- /EHsc /MD /GS /Gy /fp:precise /Zc:wchar_t /Zc:forScope /Fo"Release\\" /Fd"Release\vc110.pdb" /Gd /TC /analyze- /errorReport:prompt lib\stb_image.c
         stb_image.c
       Link:
         C:\Program Files (x86)\Microsoft Visual Studio 11.0\VC\bin\link.exe /ERRORREPORT:PROMPT /OUT:"C:\Users\EstherTomas\Downloads\U-TAD-2013-2014\Comportamientos\Practica\Comportamientos\Release\Comportamientos.exe" /INCREMENTAL:NO /NOLOGO bass/bass.lib lib/glfw.win32.lib opengl32.lib kernel32.lib user32.lib gdi32.lib winspool.lib comdlg32.lib advapi32.lib shell32.lib ole32.lib oleaut32.lib uuid.lib odbc32.lib odbccp32.lib /MANIFEST /MANIFESTUAC:"level='asInvoker' uiAccess='false'" /manifest:embed /DEBUG /PDB:"C:\Users\EstherTomas\Downloads\U-TAD-2013-2014\Comportamientos\Practica\Comportamientos\Release\Comportamientos.pdb" /SUBSYSTEM:CONSOLE /OPT:REF /OPT:ICF /LTCG /TLBID:1 /DYNAMICBASE /NXCOMPAT /IMPLIB:"C:\Users\EstherTomas\Downloads\U-TAD-2013-2014\Comportamientos\Practica\Comportamientos\Release\Comportamientos.lib" /MACHINE:X86 /SAFESEH:NO Release\Comportamientos.obj
         Release\EntitiesFactory.obj
         Release\BaseEntity.obj
         Release\ButtonEntity.obj
         Release\ComponentsEntity.obj
         Release\EventsManager.obj
         Release\Game.obj
         Release\IEntitiesFactory.obj
         Release\stb_image.obj
         Release\SceneManager.obj
         Release\BaseScene.obj
         Release\MenuScene.obj
         Release\SoundsFactory.obj
         Release\SoundsManager.obj
         Release\BaseSound.obj
         Release\PreloadedSound.obj
         Release\StreamSound.obj
         Release\SpritesFactory.obj
         Release\bone.obj
         Release\camera.obj
         Release\collisionmanager.obj
         Release\collisionpixeldata.obj
         Release\emitter.obj
         Release\font.obj
         Release\image.obj
         Release\isometricmap.obj
         Release\isometricscene.obj
         Release\isometricsprite.obj
         Release\map.obj
         Release\mapscene.obj
         Release\math.obj
         Release\parallaxscene.obj
         Release\particle.obj
         Release\renderer.obj
         Release\resourcemanager.obj
         Release\scene.obj
         Release\screen.obj
         Release\skeletondata.obj
         Release\skeletonsprite.obj
         Release\sprite.obj
         Release\stdafx.obj
         Release\json.obj
         Release\leaks.obj
         Release\leaks_windows.obj
         Generating code
         Finished generating code
         Comportamientos.vcxproj -> C:\Users\EstherTomas\Downloads\U-TAD-2013-2014\Comportamientos\Practica\Comportamientos\Release\Comportamientos.exe
       FinalizeBuildStatus:
         Deleting file "Release\Comportamientos.unsuccessfulbuild".
         Touching "Release\Comportamientos.lastbuildstate".
     1>Done Building Project "C:\Users\EstherTomas\Downloads\U-TAD-2013-2014\Comportamientos\Practica\Comportamientos\Comportamientos\Comportamientos.vcxproj" (Rebuild target(s)).

Build succeeded.

Time Elapsed 00:00:12.02
