C:\USERS\ESTHERTOMAS\DOWNLOADS\U-TAD-2013-2014\COMPORTAMIENTOS\PRACTICA\COMPORTAMIENTOS\COMPORTAMIENTOS\RELEASE\COMPORTAMIENTOS.PCH
C:\USERS\ESTHERTOMAS\DOWNLOADS\U-TAD-2013-2014\COMPORTAMIENTOS\PRACTICA\COMPORTAMIENTOS\COMPORTAMIENTOS\RELEASE\STDAFX.OBJ
C:\USERS\ESTHERTOMAS\DOWNLOADS\U-TAD-2013-2014\COMPORTAMIENTOS\PRACTICA\COMPORTAMIENTOS\COMPORTAMIENTOS\RELEASE\VC110.PDB
C:\USERS\ESTHERTOMAS\DOWNLOADS\U-TAD-2013-2014\COMPORTAMIENTOS\PRACTICA\COMPORTAMIENTOS\COMPORTAMIENTOS\RELEASE\COLLISIONMANAGER.OBJ
C:\USERS\ESTHERTOMAS\DOWNLOADS\U-TAD-2013-2014\COMPORTAMIENTOS\PRACTICA\COMPORTAMIENTOS\COMPORTAMIENTOS\RELEASE\CAMERA.OBJ
C:\USERS\ESTHERTOMAS\DOWNLOADS\U-TAD-2013-2014\COMPORTAMIENTOS\PRACTICA\COMPORTAMIENTOS\COMPORTAMIENTOS\RELEASE\BONE.OBJ
C:\USERS\ESTHERTOMAS\DOWNLOADS\U-TAD-2013-2014\COMPORTAMIENTOS\PRACTICA\COMPORTAMIENTOS\COMPORTAMIENTOS\RELEASE\SPRITESFACTORY.OBJ
C:\USERS\ESTHERTOMAS\DOWNLOADS\U-TAD-2013-2014\COMPORTAMIENTOS\PRACTICA\COMPORTAMIENTOS\COMPORTAMIENTOS\RELEASE\STREAMSOUND.OBJ
C:\USERS\ESTHERTOMAS\DOWNLOADS\U-TAD-2013-2014\COMPORTAMIENTOS\PRACTICA\COMPORTAMIENTOS\COMPORTAMIENTOS\RELEASE\PRELOADEDSOUND.OBJ
C:\USERS\ESTHERTOMAS\DOWNLOADS\U-TAD-2013-2014\COMPORTAMIENTOS\PRACTICA\COMPORTAMIENTOS\COMPORTAMIENTOS\RELEASE\BASESOUND.OBJ
C:\USERS\ESTHERTOMAS\DOWNLOADS\U-TAD-2013-2014\COMPORTAMIENTOS\PRACTICA\COMPORTAMIENTOS\COMPORTAMIENTOS\RELEASE\SOUNDSMANAGER.OBJ
C:\USERS\ESTHERTOMAS\DOWNLOADS\U-TAD-2013-2014\COMPORTAMIENTOS\PRACTICA\COMPORTAMIENTOS\COMPORTAMIENTOS\RELEASE\SOUNDSFACTORY.OBJ
C:\USERS\ESTHERTOMAS\DOWNLOADS\U-TAD-2013-2014\COMPORTAMIENTOS\PRACTICA\COMPORTAMIENTOS\COMPORTAMIENTOS\RELEASE\MENUSCENE.OBJ
C:\USERS\ESTHERTOMAS\DOWNLOADS\U-TAD-2013-2014\COMPORTAMIENTOS\PRACTICA\COMPORTAMIENTOS\COMPORTAMIENTOS\RELEASE\BASESCENE.OBJ
C:\USERS\ESTHERTOMAS\DOWNLOADS\U-TAD-2013-2014\COMPORTAMIENTOS\PRACTICA\COMPORTAMIENTOS\COMPORTAMIENTOS\RELEASE\SCENEMANAGER.OBJ
C:\USERS\ESTHERTOMAS\DOWNLOADS\U-TAD-2013-2014\COMPORTAMIENTOS\PRACTICA\COMPORTAMIENTOS\COMPORTAMIENTOS\RELEASE\IENTITIESFACTORY.OBJ
C:\USERS\ESTHERTOMAS\DOWNLOADS\U-TAD-2013-2014\COMPORTAMIENTOS\PRACTICA\COMPORTAMIENTOS\COMPORTAMIENTOS\RELEASE\GAME.OBJ
C:\USERS\ESTHERTOMAS\DOWNLOADS\U-TAD-2013-2014\COMPORTAMIENTOS\PRACTICA\COMPORTAMIENTOS\COMPORTAMIENTOS\RELEASE\EVENTSMANAGER.OBJ
C:\USERS\ESTHERTOMAS\DOWNLOADS\U-TAD-2013-2014\COMPORTAMIENTOS\PRACTICA\COMPORTAMIENTOS\COMPORTAMIENTOS\RELEASE\COMPONENTSENTITY.OBJ
C:\USERS\ESTHERTOMAS\DOWNLOADS\U-TAD-2013-2014\COMPORTAMIENTOS\PRACTICA\COMPORTAMIENTOS\COMPORTAMIENTOS\RELEASE\BUTTONENTITY.OBJ
C:\USERS\ESTHERTOMAS\DOWNLOADS\U-TAD-2013-2014\COMPORTAMIENTOS\PRACTICA\COMPORTAMIENTOS\COMPORTAMIENTOS\RELEASE\BASEENTITY.OBJ
C:\USERS\ESTHERTOMAS\DOWNLOADS\U-TAD-2013-2014\COMPORTAMIENTOS\PRACTICA\COMPORTAMIENTOS\COMPORTAMIENTOS\RELEASE\ENTITIESFACTORY.OBJ
C:\USERS\ESTHERTOMAS\DOWNLOADS\U-TAD-2013-2014\COMPORTAMIENTOS\PRACTICA\COMPORTAMIENTOS\COMPORTAMIENTOS\RELEASE\COMPORTAMIENTOS.OBJ
C:\USERS\ESTHERTOMAS\DOWNLOADS\U-TAD-2013-2014\COMPORTAMIENTOS\PRACTICA\COMPORTAMIENTOS\COMPORTAMIENTOS\RELEASE\JSON.OBJ
C:\USERS\ESTHERTOMAS\DOWNLOADS\U-TAD-2013-2014\COMPORTAMIENTOS\PRACTICA\COMPORTAMIENTOS\COMPORTAMIENTOS\RELEASE\SPRITE.OBJ
C:\USERS\ESTHERTOMAS\DOWNLOADS\U-TAD-2013-2014\COMPORTAMIENTOS\PRACTICA\COMPORTAMIENTOS\COMPORTAMIENTOS\RELEASE\SKELETONSPRITE.OBJ
C:\USERS\ESTHERTOMAS\DOWNLOADS\U-TAD-2013-2014\COMPORTAMIENTOS\PRACTICA\COMPORTAMIENTOS\COMPORTAMIENTOS\RELEASE\SKELETONDATA.OBJ
C:\USERS\ESTHERTOMAS\DOWNLOADS\U-TAD-2013-2014\COMPORTAMIENTOS\PRACTICA\COMPORTAMIENTOS\COMPORTAMIENTOS\RELEASE\SCREEN.OBJ
C:\USERS\ESTHERTOMAS\DOWNLOADS\U-TAD-2013-2014\COMPORTAMIENTOS\PRACTICA\COMPORTAMIENTOS\COMPORTAMIENTOS\RELEASE\SCENE.OBJ
C:\USERS\ESTHERTOMAS\DOWNLOADS\U-TAD-2013-2014\COMPORTAMIENTOS\PRACTICA\COMPORTAMIENTOS\COMPORTAMIENTOS\RELEASE\RESOURCEMANAGER.OBJ
C:\USERS\ESTHERTOMAS\DOWNLOADS\U-TAD-2013-2014\COMPORTAMIENTOS\PRACTICA\COMPORTAMIENTOS\COMPORTAMIENTOS\RELEASE\RENDERER.OBJ
C:\USERS\ESTHERTOMAS\DOWNLOADS\U-TAD-2013-2014\COMPORTAMIENTOS\PRACTICA\COMPORTAMIENTOS\COMPORTAMIENTOS\RELEASE\PARTICLE.OBJ
C:\USERS\ESTHERTOMAS\DOWNLOADS\U-TAD-2013-2014\COMPORTAMIENTOS\PRACTICA\COMPORTAMIENTOS\COMPORTAMIENTOS\RELEASE\PARALLAXSCENE.OBJ
C:\USERS\ESTHERTOMAS\DOWNLOADS\U-TAD-2013-2014\COMPORTAMIENTOS\PRACTICA\COMPORTAMIENTOS\COMPORTAMIENTOS\RELEASE\MATH.OBJ
C:\USERS\ESTHERTOMAS\DOWNLOADS\U-TAD-2013-2014\COMPORTAMIENTOS\PRACTICA\COMPORTAMIENTOS\COMPORTAMIENTOS\RELEASE\MAPSCENE.OBJ
C:\USERS\ESTHERTOMAS\DOWNLOADS\U-TAD-2013-2014\COMPORTAMIENTOS\PRACTICA\COMPORTAMIENTOS\COMPORTAMIENTOS\RELEASE\MAP.OBJ
C:\USERS\ESTHERTOMAS\DOWNLOADS\U-TAD-2013-2014\COMPORTAMIENTOS\PRACTICA\COMPORTAMIENTOS\COMPORTAMIENTOS\RELEASE\ISOMETRICSPRITE.OBJ
C:\USERS\ESTHERTOMAS\DOWNLOADS\U-TAD-2013-2014\COMPORTAMIENTOS\PRACTICA\COMPORTAMIENTOS\COMPORTAMIENTOS\RELEASE\ISOMETRICSCENE.OBJ
C:\USERS\ESTHERTOMAS\DOWNLOADS\U-TAD-2013-2014\COMPORTAMIENTOS\PRACTICA\COMPORTAMIENTOS\COMPORTAMIENTOS\RELEASE\ISOMETRICMAP.OBJ
C:\USERS\ESTHERTOMAS\DOWNLOADS\U-TAD-2013-2014\COMPORTAMIENTOS\PRACTICA\COMPORTAMIENTOS\COMPORTAMIENTOS\RELEASE\IMAGE.OBJ
C:\USERS\ESTHERTOMAS\DOWNLOADS\U-TAD-2013-2014\COMPORTAMIENTOS\PRACTICA\COMPORTAMIENTOS\COMPORTAMIENTOS\RELEASE\FONT.OBJ
C:\USERS\ESTHERTOMAS\DOWNLOADS\U-TAD-2013-2014\COMPORTAMIENTOS\PRACTICA\COMPORTAMIENTOS\COMPORTAMIENTOS\RELEASE\EMITTER.OBJ
C:\USERS\ESTHERTOMAS\DOWNLOADS\U-TAD-2013-2014\COMPORTAMIENTOS\PRACTICA\COMPORTAMIENTOS\COMPORTAMIENTOS\RELEASE\COLLISIONPIXELDATA.OBJ
C:\USERS\ESTHERTOMAS\DOWNLOADS\U-TAD-2013-2014\COMPORTAMIENTOS\PRACTICA\COMPORTAMIENTOS\COMPORTAMIENTOS\RELEASE\LEAKS_WINDOWS.OBJ
C:\USERS\ESTHERTOMAS\DOWNLOADS\U-TAD-2013-2014\COMPORTAMIENTOS\PRACTICA\COMPORTAMIENTOS\COMPORTAMIENTOS\RELEASE\LEAKS.OBJ
C:\USERS\ESTHERTOMAS\DOWNLOADS\U-TAD-2013-2014\COMPORTAMIENTOS\PRACTICA\COMPORTAMIENTOS\COMPORTAMIENTOS\RELEASE\STB_IMAGE.OBJ
C:\USERS\ESTHERTOMAS\DOWNLOADS\U-TAD-2013-2014\COMPORTAMIENTOS\PRACTICA\COMPORTAMIENTOS\RELEASE\COMPORTAMIENTOS.EXE
C:\USERS\ESTHERTOMAS\DOWNLOADS\U-TAD-2013-2014\COMPORTAMIENTOS\PRACTICA\COMPORTAMIENTOS\RELEASE\COMPORTAMIENTOS.PDB
C:\Users\EstherTomas\Downloads\U-TAD-2013-2014\Comportamientos\Practica\Comportamientos\Comportamientos\Release\BaseEntity.obj
C:\Users\EstherTomas\Downloads\U-TAD-2013-2014\Comportamientos\Practica\Comportamientos\Comportamientos\Release\BaseScene.obj
C:\Users\EstherTomas\Downloads\U-TAD-2013-2014\Comportamientos\Practica\Comportamientos\Comportamientos\Release\BaseSound.obj
C:\Users\EstherTomas\Downloads\U-TAD-2013-2014\Comportamientos\Practica\Comportamientos\Comportamientos\Release\bone.obj
C:\Users\EstherTomas\Downloads\U-TAD-2013-2014\Comportamientos\Practica\Comportamientos\Comportamientos\Release\ButtonEntity.obj
C:\Users\EstherTomas\Downloads\U-TAD-2013-2014\Comportamientos\Practica\Comportamientos\Comportamientos\Release\camera.obj
C:\Users\EstherTomas\Downloads\U-TAD-2013-2014\Comportamientos\Practica\Comportamientos\Comportamientos\Release\collisionmanager.obj
C:\Users\EstherTomas\Downloads\U-TAD-2013-2014\Comportamientos\Practica\Comportamientos\Comportamientos\Release\collisionpixeldata.obj
C:\Users\EstherTomas\Downloads\U-TAD-2013-2014\Comportamientos\Practica\Comportamientos\Comportamientos\Release\ComponentsEntity.obj
C:\Users\EstherTomas\Downloads\U-TAD-2013-2014\Comportamientos\Practica\Comportamientos\Comportamientos\Release\Comportamientos.obj
C:\Users\EstherTomas\Downloads\U-TAD-2013-2014\Comportamientos\Practica\Comportamientos\Comportamientos\Release\emitter.obj
C:\Users\EstherTomas\Downloads\U-TAD-2013-2014\Comportamientos\Practica\Comportamientos\Comportamientos\Release\EntitiesFactory.obj
C:\Users\EstherTomas\Downloads\U-TAD-2013-2014\Comportamientos\Practica\Comportamientos\Comportamientos\Release\EventsManager.obj
C:\Users\EstherTomas\Downloads\U-TAD-2013-2014\Comportamientos\Practica\Comportamientos\Comportamientos\Release\font.obj
C:\Users\EstherTomas\Downloads\U-TAD-2013-2014\Comportamientos\Practica\Comportamientos\Comportamientos\Release\Game.obj
C:\Users\EstherTomas\Downloads\U-TAD-2013-2014\Comportamientos\Practica\Comportamientos\Comportamientos\Release\IEntitiesFactory.obj
C:\Users\EstherTomas\Downloads\U-TAD-2013-2014\Comportamientos\Practica\Comportamientos\Comportamientos\Release\image.obj
C:\Users\EstherTomas\Downloads\U-TAD-2013-2014\Comportamientos\Practica\Comportamientos\Comportamientos\Release\isometricmap.obj
C:\Users\EstherTomas\Downloads\U-TAD-2013-2014\Comportamientos\Practica\Comportamientos\Comportamientos\Release\isometricscene.obj
C:\Users\EstherTomas\Downloads\U-TAD-2013-2014\Comportamientos\Practica\Comportamientos\Comportamientos\Release\isometricsprite.obj
C:\Users\EstherTomas\Downloads\U-TAD-2013-2014\Comportamientos\Practica\Comportamientos\Comportamientos\Release\json.obj
C:\Users\EstherTomas\Downloads\U-TAD-2013-2014\Comportamientos\Practica\Comportamientos\Comportamientos\Release\leaks.obj
C:\Users\EstherTomas\Downloads\U-TAD-2013-2014\Comportamientos\Practica\Comportamientos\Comportamientos\Release\leaks_windows.obj
C:\Users\EstherTomas\Downloads\U-TAD-2013-2014\Comportamientos\Practica\Comportamientos\Comportamientos\Release\map.obj
C:\Users\EstherTomas\Downloads\U-TAD-2013-2014\Comportamientos\Practica\Comportamientos\Comportamientos\Release\mapscene.obj
C:\Users\EstherTomas\Downloads\U-TAD-2013-2014\Comportamientos\Practica\Comportamientos\Comportamientos\Release\math.obj
C:\Users\EstherTomas\Downloads\U-TAD-2013-2014\Comportamientos\Practica\Comportamientos\Comportamientos\Release\MenuScene.obj
C:\Users\EstherTomas\Downloads\U-TAD-2013-2014\Comportamientos\Practica\Comportamientos\Comportamientos\Release\parallaxscene.obj
C:\Users\EstherTomas\Downloads\U-TAD-2013-2014\Comportamientos\Practica\Comportamientos\Comportamientos\Release\particle.obj
C:\Users\EstherTomas\Downloads\U-TAD-2013-2014\Comportamientos\Practica\Comportamientos\Comportamientos\Release\PreloadedSound.obj
C:\Users\EstherTomas\Downloads\U-TAD-2013-2014\Comportamientos\Practica\Comportamientos\Comportamientos\Release\renderer.obj
C:\Users\EstherTomas\Downloads\U-TAD-2013-2014\Comportamientos\Practica\Comportamientos\Comportamientos\Release\resourcemanager.obj
C:\Users\EstherTomas\Downloads\U-TAD-2013-2014\Comportamientos\Practica\Comportamientos\Comportamientos\Release\scene.obj
C:\Users\EstherTomas\Downloads\U-TAD-2013-2014\Comportamientos\Practica\Comportamientos\Comportamientos\Release\SceneManager.obj
C:\Users\EstherTomas\Downloads\U-TAD-2013-2014\Comportamientos\Practica\Comportamientos\Comportamientos\Release\screen.obj
C:\Users\EstherTomas\Downloads\U-TAD-2013-2014\Comportamientos\Practica\Comportamientos\Comportamientos\Release\skeletondata.obj
C:\Users\EstherTomas\Downloads\U-TAD-2013-2014\Comportamientos\Practica\Comportamientos\Comportamientos\Release\skeletonsprite.obj
C:\Users\EstherTomas\Downloads\U-TAD-2013-2014\Comportamientos\Practica\Comportamientos\Comportamientos\Release\SoundsFactory.obj
C:\Users\EstherTomas\Downloads\U-TAD-2013-2014\Comportamientos\Practica\Comportamientos\Comportamientos\Release\SoundsManager.obj
C:\Users\EstherTomas\Downloads\U-TAD-2013-2014\Comportamientos\Practica\Comportamientos\Comportamientos\Release\sprite.obj
C:\Users\EstherTomas\Downloads\U-TAD-2013-2014\Comportamientos\Practica\Comportamientos\Comportamientos\Release\SpritesFactory.obj
C:\Users\EstherTomas\Downloads\U-TAD-2013-2014\Comportamientos\Practica\Comportamientos\Comportamientos\Release\stb_image.obj
C:\Users\EstherTomas\Downloads\U-TAD-2013-2014\Comportamientos\Practica\Comportamientos\Comportamientos\Release\stdafx.obj
C:\Users\EstherTomas\Downloads\U-TAD-2013-2014\Comportamientos\Practica\Comportamientos\Comportamientos\Release\StreamSound.obj
C:\Users\EstherTomas\Downloads\U-TAD-2013-2014\Comportamientos\Practica\Comportamientos\Comportamientos\Release\cl.command.1.tlog
C:\Users\EstherTomas\Downloads\U-TAD-2013-2014\Comportamientos\Practica\Comportamientos\Comportamientos\Release\CL.read.1.tlog
C:\Users\EstherTomas\Downloads\U-TAD-2013-2014\Comportamientos\Practica\Comportamientos\Comportamientos\Release\CL.write.1.tlog
C:\Users\EstherTomas\Downloads\U-TAD-2013-2014\Comportamientos\Practica\Comportamientos\Comportamientos\Release\link-cvtres.read.1.tlog
C:\Users\EstherTomas\Downloads\U-TAD-2013-2014\Comportamientos\Practica\Comportamientos\Comportamientos\Release\link-cvtres.write.1.tlog
C:\Users\EstherTomas\Downloads\U-TAD-2013-2014\Comportamientos\Practica\Comportamientos\Comportamientos\Release\link-rc.read.1.tlog
C:\Users\EstherTomas\Downloads\U-TAD-2013-2014\Comportamientos\Practica\Comportamientos\Comportamientos\Release\link-rc.write.1.tlog
C:\Users\EstherTomas\Downloads\U-TAD-2013-2014\Comportamientos\Practica\Comportamientos\Comportamientos\Release\link.command.1.tlog
C:\Users\EstherTomas\Downloads\U-TAD-2013-2014\Comportamientos\Practica\Comportamientos\Comportamientos\Release\link.read.1.tlog
C:\Users\EstherTomas\Downloads\U-TAD-2013-2014\Comportamientos\Practica\Comportamientos\Comportamientos\Release\link.write.1.tlog
C:\Users\EstherTomas\Downloads\U-TAD-2013-2014\Comportamientos\Practica\Comportamientos\Comportamientos\Release\Comportamientos.pch
C:\Users\EstherTomas\Downloads\U-TAD-2013-2014\Comportamientos\Practica\Comportamientos\Comportamientos\Release\vc110.pdb
C:\Users\EstherTomas\Downloads\U-TAD-2013-2014\Comportamientos\Practica\Comportamientos\Release\Comportamientos.pdb
C:\Users\EstherTomas\Downloads\U-TAD-2013-2014\Comportamientos\Practica\Comportamientos\Release\Comportamientos.exe
