Compilación iniciada a las 09/03/2014 12:56:00.
     1>Proyecto "C:\Users\Carlos\Documents\Proyectos Visual Studio 2010\VS2012\Comportamientos\Comportamientos\Comportamientos.vcxproj" en el nodo 2 (Build destinos).
     1>InitializeBuildStatus:
         Aplicando tarea Touch a "Debug\Comportamientos.unsuccessfulbuild".
       ClCompile:
         C:\Program Files (x86)\Microsoft Visual Studio 11.0\VC\bin\CL.exe /c /ZI /nologo /W3 /WX- /Od /Oy- /D WIN32 /D _DEBUG /D _WINDOWS /D _UNICODE /D UNICODE /Gm /EHsc /RTC1 /MDd /GS /fp:precise /Zc:wchar_t /Zc:forScope /Fo"Debug\\" /Fd"Debug\vc110.pdb" /Gd /TP /analyze- /errorReport:prompt ..\ComponentsFactory.cpp ..\components\BaseComponent.cpp ..\components\PlayerControllerComponent.cpp ..\Comportamientos.cpp ..\EntitiesFactory.cpp ..\entities\BaseEntity.cpp ..\entities\ButtonEntity.cpp ..\entities\ComponentsEntity.cpp ..\entities\HardcodedPlayerEntity.cpp ..\EventsManager.cpp ..\Game.cpp ..\SceneManager.cpp ..\scenes\BaseScene.cpp ..\scenes\MenuScene.cpp ..\SoundsFactory.cpp ..\SoundsManager.cpp ..\SpritesFactory.cpp ..\src\bone.cpp ..\src\camera.cpp ..\src\collisionmanager.cpp ..\src\collisionpixeldata.cpp ..\src\emitter.cpp ..\src\font.cpp ..\src\image.cpp ..\src\isometricmap.cpp ..\src\isometricscene.cpp ..\src\isometricsprite.cpp ..\src\map.cpp ..\src\mapscene.cpp ..\src\math.cpp ..\src\parallaxscene.cpp ..\src\particle.cpp ..\src\renderer.cpp ..\src\resourcemanager.cpp ..\src\scene.cpp ..\src\screen.cpp ..\src\skeletondata.cpp ..\src\skeletonsprite.cpp ..\src\sprite.cpp ..\stdafx.cpp
         stdafx.cpp
         sprite.cpp
         skeletonsprite.cpp
         skeletondata.cpp
         screen.cpp
         scene.cpp
         resourcemanager.cpp
         renderer.cpp
         particle.cpp
         parallaxscene.cpp
         math.cpp
         mapscene.cpp
         map.cpp
         isometricsprite.cpp
         isometricscene.cpp
         isometricmap.cpp
         image.cpp
         font.cpp
         emitter.cpp
         collisionpixeldata.cpp
         Generando código...
         Compilando...
         collisionmanager.cpp
         camera.cpp
         bone.cpp
         SpritesFactory.cpp
         SoundsManager.cpp
         SoundsFactory.cpp
         MenuScene.cpp
         BaseScene.cpp
         SceneManager.cpp
         Game.cpp
         EventsManager.cpp
         HardcodedPlayerEntity.cpp
     1>c:\users\carlos\documents\proyectos visual studio 2010\vs2012\comportamientos\entities\hardcodedplayerentity.cpp(18): warning C4800: 'int' : forzando el valor a bool 'true' o 'false' (advertencia de rendimiento)
         ComponentsEntity.cpp
         ButtonEntity.cpp
         BaseEntity.cpp
         EntitiesFactory.cpp
         Comportamientos.cpp
         PlayerControllerComponent.cpp
         BaseComponent.cpp
         ComponentsFactory.cpp
         Generando código...
       Link:
         C:\Program Files (x86)\Microsoft Visual Studio 11.0\VC\bin\link.exe /ERRORREPORT:PROMPT /OUT:"C:\Users\Carlos\Documents\Proyectos Visual Studio 2010\VS2012\Comportamientos\Debug\Comportamientos.exe" /INCREMENTAL /NOLOGO kernel32.lib user32.lib gdi32.lib winspool.lib comdlg32.lib advapi32.lib shell32.lib ole32.lib oleaut32.lib uuid.lib odbc32.lib odbccp32.lib /MANIFEST /MANIFESTUAC:"level='asInvoker' uiAccess='false'" /manifest:embed /DEBUG /PDB:"C:\Users\Carlos\Documents\Proyectos Visual Studio 2010\VS2012\Comportamientos\Debug\Comportamientos.pdb" /SUBSYSTEM:WINDOWS /TLBID:1 /DYNAMICBASE /NXCOMPAT /IMPLIB:"C:\Users\Carlos\Documents\Proyectos Visual Studio 2010\VS2012\Comportamientos\Debug\Comportamientos.lib" /MACHINE:X86 Debug\ComponentsFactory.obj
         Debug\BaseComponent.obj
         Debug\PlayerControllerComponent.obj
         Debug\Comportamientos.obj
         Debug\EntitiesFactory.obj
         Debug\BaseEntity.obj
         Debug\ButtonEntity.obj
         Debug\ComponentsEntity.obj
         Debug\HardcodedPlayerEntity.obj
         Debug\EventsManager.obj
         Debug\Game.obj
         Debug\SceneManager.obj
         Debug\BaseScene.obj
         Debug\MenuScene.obj
         Debug\SoundsFactory.obj
         Debug\SoundsManager.obj
         Debug\SpritesFactory.obj
         Debug\bone.obj
         Debug\camera.obj
         Debug\collisionmanager.obj
         Debug\collisionpixeldata.obj
         Debug\emitter.obj
         Debug\font.obj
         Debug\image.obj
         Debug\isometricmap.obj
         Debug\isometricscene.obj
         Debug\isometricsprite.obj
         Debug\map.obj
         Debug\mapscene.obj
         Debug\math.obj
         Debug\parallaxscene.obj
         Debug\particle.obj
         Debug\renderer.obj
         Debug\resourcemanager.obj
         Debug\scene.obj
         Debug\screen.obj
         Debug\skeletondata.obj
         Debug\skeletonsprite.obj
         Debug\sprite.obj
         Debug\stdafx.obj
     1>SpritesFactory.obj : error LNK2001: símbolo externo "void __cdecl RemoveTrack(void *)" (?RemoveTrack@@YAXPAX@Z) sin resolver
     1>SceneManager.obj : error LNK2001: símbolo externo "void __cdecl RemoveTrack(void *)" (?RemoveTrack@@YAXPAX@Z) sin resolver
     1>BaseScene.obj : error LNK2001: símbolo externo "void __cdecl RemoveTrack(void *)" (?RemoveTrack@@YAXPAX@Z) sin resolver
     1>SoundsFactory.obj : error LNK2001: símbolo externo "void __cdecl RemoveTrack(void *)" (?RemoveTrack@@YAXPAX@Z) sin resolver
     1>SoundsManager.obj : error LNK2019: símbolo externo "void __cdecl RemoveTrack(void *)" (?RemoveTrack@@YAXPAX@Z) sin resolver al que se hace referencia en la función "public: static class ISoundsManager * __cdecl ISoundsManager::get(void)" (?get@ISoundsManager@@SAPAV1@XZ)
     1>ComponentsFactory.obj : error LNK2001: símbolo externo "void __cdecl RemoveTrack(void *)" (?RemoveTrack@@YAXPAX@Z) sin resolver
     1>EntitiesFactory.obj : error LNK2001: símbolo externo "void __cdecl RemoveTrack(void *)" (?RemoveTrack@@YAXPAX@Z) sin resolver
     1>EventsManager.obj : error LNK2001: símbolo externo "void __cdecl RemoveTrack(void *)" (?RemoveTrack@@YAXPAX@Z) sin resolver
     1>Game.obj : error LNK2001: símbolo externo "void __cdecl RemoveTrack(void *)" (?RemoveTrack@@YAXPAX@Z) sin resolver
     1>SpritesFactory.obj : error LNK2001: símbolo externo "void * __cdecl AddTrack(void *,unsigned int,char const *,unsigned int)" (?AddTrack@@YAPAXPAXIPBDI@Z) sin resolver
     1>SceneManager.obj : error LNK2001: símbolo externo "void * __cdecl AddTrack(void *,unsigned int,char const *,unsigned int)" (?AddTrack@@YAPAXPAXIPBDI@Z) sin resolver
     1>MenuScene.obj : error LNK2001: símbolo externo "void * __cdecl AddTrack(void *,unsigned int,char const *,unsigned int)" (?AddTrack@@YAPAXPAXIPBDI@Z) sin resolver
     1>SoundsFactory.obj : error LNK2001: símbolo externo "void * __cdecl AddTrack(void *,unsigned int,char const *,unsigned int)" (?AddTrack@@YAPAXPAXIPBDI@Z) sin resolver
     1>SoundsManager.obj : error LNK2001: símbolo externo "void * __cdecl AddTrack(void *,unsigned int,char const *,unsigned int)" (?AddTrack@@YAPAXPAXIPBDI@Z) sin resolver
     1>ComponentsFactory.obj : error LNK2019: símbolo externo "void * __cdecl AddTrack(void *,unsigned int,char const *,unsigned int)" (?AddTrack@@YAPAXPAXIPBDI@Z) sin resolver al que se hace referencia en la función "public: static class IComponentsFactory * __cdecl IComponentsFactory::get(void)" (?get@IComponentsFactory@@SAPAV1@XZ)
     1>EntitiesFactory.obj : error LNK2001: símbolo externo "void * __cdecl AddTrack(void *,unsigned int,char const *,unsigned int)" (?AddTrack@@YAPAXPAXIPBDI@Z) sin resolver
     1>EventsManager.obj : error LNK2001: símbolo externo "void * __cdecl AddTrack(void *,unsigned int,char const *,unsigned int)" (?AddTrack@@YAPAXPAXIPBDI@Z) sin resolver
     1>Game.obj : error LNK2001: símbolo externo "void * __cdecl AddTrack(void *,unsigned int,char const *,unsigned int)" (?AddTrack@@YAPAXPAXIPBDI@Z) sin resolver
     1>Comportamientos.obj : error LNK2019: símbolo externo "void __cdecl DumpUnfreed(void)" (?DumpUnfreed@@YAXXZ) sin resolver al que se hace referencia en la función _wmain
     1>EventsManager.obj : error LNK2019: símbolo externo _glfwGetMousePos sin resolver al que se hace referencia en la función "private: void __thiscall CEventsManager::eventMouseButton(int,int)" (?eventMouseButton@CEventsManager@@AAEXHH@Z)
     1>screen.obj : error LNK2001: símbolo externo _glfwGetMousePos sin resolver
     1>EventsManager.obj : error LNK2019: símbolo externo _glfwSetKeyCallback sin resolver al que se hace referencia en la función "private: virtual int __thiscall CEventsManager::init(void)" (?init@CEventsManager@@EAEHXZ)
     1>EventsManager.obj : error LNK2019: símbolo externo _glfwSetMouseButtonCallback sin resolver al que se hace referencia en la función "private: virtual int __thiscall CEventsManager::init(void)" (?init@CEventsManager@@EAEHXZ)
     1>SceneManager.obj : error LNK2019: símbolo externo "bool __cdecl loadJSON(char const *,char * &,class rapidjson::GenericDocument<struct rapidjson::UTF8<char>,class rapidjson::MemoryPoolAllocator<class rapidjson::CrtAllocator> > &)" (?loadJSON@@YA_NPBDAAPADAAV?$GenericDocument@U?$UTF8@D@rapidjson@@V?$MemoryPoolAllocator@VCrtAllocator@rapidjson@@@2@@rapidjson@@@Z) sin resolver al que se hace referencia en la función "public: virtual int __thiscall CSceneManager::init(void)" (?init@CSceneManager@@UAEHXZ)
     1>SoundsFactory.obj : error LNK2019: símbolo externo "public: __thiscall CPreloadedSound::CPreloadedSound(class rapidjson::GenericValue<struct rapidjson::UTF8<char>,class rapidjson::MemoryPoolAllocator<class rapidjson::CrtAllocator> > const *)" (??0CPreloadedSound@@QAE@PBV?$GenericValue@U?$UTF8@D@rapidjson@@V?$MemoryPoolAllocator@VCrtAllocator@rapidjson@@@2@@rapidjson@@@Z) sin resolver al que se hace referencia en la función "private: class ISound * __thiscall CSoundsFactory::createSoundWithInfo(class rapidjson::GenericValue<struct rapidjson::UTF8<char>,class rapidjson::MemoryPoolAllocator<class rapidjson::CrtAllocator> > const &)" (?createSoundWithInfo@CSoundsFactory@@AAEPAVISound@@ABV?$GenericValue@U?$UTF8@D@rapidjson@@V?$MemoryPoolAllocator@VCrtAllocator@rapidjson@@@2@@rapidjson@@@Z)
     1>SoundsFactory.obj : error LNK2019: símbolo externo "public: __thiscall CStreamSound::CStreamSound(class rapidjson::GenericValue<struct rapidjson::UTF8<char>,class rapidjson::MemoryPoolAllocator<class rapidjson::CrtAllocator> > const *)" (??0CStreamSound@@QAE@PBV?$GenericValue@U?$UTF8@D@rapidjson@@V?$MemoryPoolAllocator@VCrtAllocator@rapidjson@@@2@@rapidjson@@@Z) sin resolver al que se hace referencia en la función "private: class ISound * __thiscall CSoundsFactory::createSoundWithInfo(class rapidjson::GenericValue<struct rapidjson::UTF8<char>,class rapidjson::MemoryPoolAllocator<class rapidjson::CrtAllocator> > const &)" (?createSoundWithInfo@CSoundsFactory@@AAEPAVISound@@ABV?$GenericValue@U?$UTF8@D@rapidjson@@V?$MemoryPoolAllocator@VCrtAllocator@rapidjson@@@2@@rapidjson@@@Z)
     1>SoundsManager.obj : error LNK2019: símbolo externo _BASS_Init@20 sin resolver al que se hace referencia en la función "public: virtual int __thiscall CSoundsManager::init(void)" (?init@CSoundsManager@@UAEHXZ)
     1>SoundsManager.obj : error LNK2019: símbolo externo _BASS_Free@0 sin resolver al que se hace referencia en la función "public: virtual void __thiscall CSoundsManager::end(void)" (?end@CSoundsManager@@UAEXXZ)
     1>bone.obj : error LNK2019: símbolo externo __imp__glPopMatrix@0 sin resolver al que se hace referencia en la función "public: virtual void __thiscall Bone::Render(void)" (?Render@Bone@@UAEXXZ)
     1>renderer.obj : error LNK2001: símbolo externo __imp__glPopMatrix@0 sin resolver
     1>skeletonsprite.obj : error LNK2001: símbolo externo __imp__glPopMatrix@0 sin resolver
     1>bone.obj : error LNK2019: símbolo externo __imp__glPushMatrix@0 sin resolver al que se hace referencia en la función "public: virtual void __thiscall Bone::Render(void)" (?Render@Bone@@UAEXXZ)
     1>renderer.obj : error LNK2001: símbolo externo __imp__glPushMatrix@0 sin resolver
     1>skeletonsprite.obj : error LNK2001: símbolo externo __imp__glPushMatrix@0 sin resolver
     1>bone.obj : error LNK2019: símbolo externo __imp__glRotated@32 sin resolver al que se hace referencia en la función "public: virtual void __thiscall Bone::Render(void)" (?Render@Bone@@UAEXXZ)
     1>renderer.obj : error LNK2001: símbolo externo __imp__glRotated@32 sin resolver
     1>bone.obj : error LNK2019: símbolo externo __imp__glTranslated@24 sin resolver al que se hace referencia en la función "public: virtual void __thiscall Bone::Render(void)" (?Render@Bone@@UAEXXZ)
     1>renderer.obj : error LNK2001: símbolo externo __imp__glTranslated@24 sin resolver
     1>skeletonsprite.obj : error LNK2001: símbolo externo __imp__glTranslated@24 sin resolver
     1>collisionpixeldata.obj : error LNK2019: símbolo externo _stbi_load sin resolver al que se hace referencia en la función "public: __thiscall CollisionPixelData::CollisionPixelData(class String const &)" (??0CollisionPixelData@@QAE@ABVString@@@Z)
     1>font.obj : error LNK2001: símbolo externo _stbi_load sin resolver
     1>image.obj : error LNK2001: símbolo externo _stbi_load sin resolver
     1>collisionpixeldata.obj : error LNK2019: símbolo externo _stbi_image_free sin resolver al que se hace referencia en la función "public: __thiscall CollisionPixelData::CollisionPixelData(class String const &)" (??0CollisionPixelData@@QAE@ABVString@@@Z)
     1>font.obj : error LNK2001: símbolo externo _stbi_image_free sin resolver
     1>image.obj : error LNK2001: símbolo externo _stbi_image_free sin resolver
     1>font.obj : error LNK2019: símbolo externo __imp__glTexImage2D@36 sin resolver al que se hace referencia en la función "public: __thiscall Font::Font(class String const &)" (??0Font@@QAE@ABVString@@@Z)
     1>image.obj : error LNK2001: símbolo externo __imp__glTexImage2D@36 sin resolver
     1>image.obj : error LNK2019: símbolo externo __imp__glBindTexture@8 sin resolver al que se hace referencia en la función "public: __thiscall Image::Image(class String const &,unsigned short,unsigned short)" (??0Image@@QAE@ABVString@@GG@Z)
     1>renderer.obj : error LNK2001: símbolo externo __imp__glBindTexture@8 sin resolver
     1>image.obj : error LNK2019: símbolo externo __imp__glDeleteTextures@8 sin resolver al que se hace referencia en la función "public: virtual __thiscall Image::~Image(void)" (??1Image@@UAE@XZ)
     1>image.obj : error LNK2019: símbolo externo __imp__glGenTextures@8 sin resolver al que se hace referencia en la función "public: __thiscall Image::Image(class String const &,unsigned short,unsigned short)" (??0Image@@QAE@ABVString@@GG@Z)
     1>image.obj : error LNK2019: símbolo externo __imp__glTexParameteri@12 sin resolver al que se hace referencia en la función "public: __thiscall Image::Image(class String const &,unsigned short,unsigned short)" (??0Image@@QAE@ABVString@@GG@Z)
     1>renderer.obj : error LNK2019: símbolo externo __imp__glBlendFunc@8 sin resolver al que se hace referencia en la función "public: virtual void __thiscall Renderer::SetBlendMode(enum Renderer::BlendMode)const " (?SetBlendMode@Renderer@@UBEXW4BlendMode@1@@Z)
     1>renderer.obj : error LNK2019: símbolo externo __imp__glClear@4 sin resolver al que se hace referencia en la función "public: virtual void __thiscall Renderer::Clear(unsigned char,unsigned char,unsigned char)const " (?Clear@Renderer@@UBEXEEE@Z)
     1>renderer.obj : error LNK2019: símbolo externo __imp__glClearColor@16 sin resolver al que se hace referencia en la función "public: virtual void __thiscall Renderer::Clear(unsigned char,unsigned char,unsigned char)const " (?Clear@Renderer@@UBEXEEE@Z)
     1>renderer.obj : error LNK2019: símbolo externo __imp__glColor4ub@16 sin resolver al que se hace referencia en la función "public: virtual void __thiscall Renderer::SetColor(unsigned char,unsigned char,unsigned char,unsigned char)const " (?SetColor@Renderer@@UBEXEEEE@Z)
     1>renderer.obj : error LNK2019: símbolo externo __imp__glDrawArrays@12 sin resolver al que se hace referencia en la función "public: virtual void __thiscall Renderer::DrawEllipse(double,double,double,double)const " (?DrawEllipse@Renderer@@UBEXNNNN@Z)
     1>renderer.obj : error LNK2019: símbolo externo __imp__glLoadIdentity@0 sin resolver al que se hace referencia en la función "public: virtual void __thiscall Renderer::SetOrigin(double,double)const " (?SetOrigin@Renderer@@UBEXNN@Z)
     1>screen.obj : error LNK2001: símbolo externo __imp__glLoadIdentity@0 sin resolver
     1>renderer.obj : error LNK2019: símbolo externo __imp__glTexCoordPointer@16 sin resolver al que se hace referencia en la función "public: virtual void __thiscall Renderer::DrawEllipse(double,double,double,double)const " (?DrawEllipse@Renderer@@UBEXNNNN@Z)
     1>renderer.obj : error LNK2019: símbolo externo __imp__glVertexPointer@16 sin resolver al que se hace referencia en la función "public: virtual void __thiscall Renderer::DrawEllipse(double,double,double,double)const " (?DrawEllipse@Renderer@@UBEXNNNN@Z)
     1>screen.obj : error LNK2019: símbolo externo __imp__glEnable@4 sin resolver al que se hace referencia en la función "public: virtual void __thiscall Screen::Open(unsigned short,unsigned short,bool)" (?Open@Screen@@UAEXGG_N@Z)
     1>screen.obj : error LNK2019: símbolo externo __imp__glEnableClientState@4 sin resolver al que se hace referencia en la función "public: virtual void __thiscall Screen::Open(unsigned short,unsigned short,bool)" (?Open@Screen@@UAEXGG_N@Z)
     1>screen.obj : error LNK2019: símbolo externo __imp__glMatrixMode@4 sin resolver al que se hace referencia en la función "public: virtual void __thiscall Screen::Open(unsigned short,unsigned short,bool)" (?Open@Screen@@UAEXGG_N@Z)
     1>screen.obj : error LNK2019: símbolo externo __imp__glOrtho@48 sin resolver al que se hace referencia en la función "public: virtual void __thiscall Screen::Open(unsigned short,unsigned short,bool)" (?Open@Screen@@UAEXGG_N@Z)
     1>screen.obj : error LNK2019: símbolo externo __imp__glViewport@16 sin resolver al que se hace referencia en la función "public: virtual void __thiscall Screen::Open(unsigned short,unsigned short,bool)" (?Open@Screen@@UAEXGG_N@Z)
     1>screen.obj : error LNK2019: símbolo externo _glfwInit sin resolver al que se hace referencia en la función "protected: __thiscall Screen::Screen(void)" (??0Screen@@IAE@XZ)
     1>screen.obj : error LNK2019: símbolo externo _glfwTerminate sin resolver al que se hace referencia en la función "protected: virtual __thiscall Screen::~Screen(void)" (??1Screen@@MAE@XZ)
     1>screen.obj : error LNK2019: símbolo externo _glfwOpenWindow sin resolver al que se hace referencia en la función "public: virtual void __thiscall Screen::Open(unsigned short,unsigned short,bool)" (?Open@Screen@@UAEXGG_N@Z)
     1>screen.obj : error LNK2019: símbolo externo _glfwOpenWindowHint sin resolver al que se hace referencia en la función "public: virtual void __thiscall Screen::Open(unsigned short,unsigned short,bool)" (?Open@Screen@@UAEXGG_N@Z)
     1>screen.obj : error LNK2019: símbolo externo _glfwCloseWindow sin resolver al que se hace referencia en la función "public: virtual void __thiscall Screen::Close(void)" (?Close@Screen@@UAEXXZ)
     1>screen.obj : error LNK2019: símbolo externo _glfwSetWindowTitle sin resolver al que se hace referencia en la función "public: virtual void __thiscall Screen::SetTitle(class String const &)" (?SetTitle@Screen@@UAEXABVString@@@Z)
     1>screen.obj : error LNK2019: símbolo externo _glfwSetWindowPos sin resolver al que se hace referencia en la función "public: virtual void __thiscall Screen::Open(unsigned short,unsigned short,bool)" (?Open@Screen@@UAEXGG_N@Z)
     1>screen.obj : error LNK2019: símbolo externo _glfwSwapBuffers sin resolver al que se hace referencia en la función "public: virtual void __thiscall Screen::Refresh(void)" (?Refresh@Screen@@UAEXXZ)
     1>screen.obj : error LNK2019: símbolo externo _glfwSwapInterval sin resolver al que se hace referencia en la función "public: virtual void __thiscall Screen::Open(unsigned short,unsigned short,bool)" (?Open@Screen@@UAEXGG_N@Z)
     1>screen.obj : error LNK2019: símbolo externo _glfwSetWindowCloseCallback sin resolver al que se hace referencia en la función "public: virtual void __thiscall Screen::Open(unsigned short,unsigned short,bool)" (?Open@Screen@@UAEXGG_N@Z)
     1>screen.obj : error LNK2019: símbolo externo _glfwGetDesktopMode sin resolver al que se hace referencia en la función "public: virtual unsigned short __thiscall Screen::GetDesktopHeight(void)const " (?GetDesktopHeight@Screen@@UBEGXZ)
     1>screen.obj : error LNK2019: símbolo externo _glfwGetKey sin resolver al que se hace referencia en la función "public: virtual bool __thiscall Screen::KeyPressed(int)const " (?KeyPressed@Screen@@UBE_NH@Z)
     1>screen.obj : error LNK2019: símbolo externo _glfwGetMouseButton sin resolver al que se hace referencia en la función "public: virtual bool __thiscall Screen::MouseButtonPressed(int)const " (?MouseButtonPressed@Screen@@UBE_NH@Z)
     1>screen.obj : error LNK2019: símbolo externo _glfwGetTime sin resolver al que se hace referencia en la función "public: virtual void __thiscall Screen::Open(unsigned short,unsigned short,bool)" (?Open@Screen@@UAEXGG_N@Z)
     1>MSVCRTD.lib(crtexew.obj) : error LNK2019: símbolo externo _WinMain@16 sin resolver al que se hace referencia en la función ___tmainCRTStartup
     1>C:\Users\Carlos\Documents\Proyectos Visual Studio 2010\VS2012\Comportamientos\Debug\Comportamientos.exe : fatal error LNK1120: 50 externos sin resolver
     1>Compilación del proyecto terminada "C:\Users\Carlos\Documents\Proyectos Visual Studio 2010\VS2012\Comportamientos\Comportamientos\Comportamientos.vcxproj" (Build destinos) -- ERROR.

ERROR al compilar.

Tiempo transcurrido 00:00:05.98
