C:\USERS\CARLOS\DOCUMENTS\PROYECTOS VISUAL STUDIO 2010\VS2012\COMPORTAMIENTOS\COMPORTAMIENTOS\DEBUG\COLLISIONPIXELDATA.OBJ
C:\USERS\CARLOS\DOCUMENTS\PROYECTOS VISUAL STUDIO 2010\VS2012\COMPORTAMIENTOS\COMPORTAMIENTOS\DEBUG\EMITTER.OBJ
C:\USERS\CARLOS\DOCUMENTS\PROYECTOS VISUAL STUDIO 2010\VS2012\COMPORTAMIENTOS\COMPORTAMIENTOS\DEBUG\FONT.OBJ
C:\USERS\CARLOS\DOCUMENTS\PROYECTOS VISUAL STUDIO 2010\VS2012\COMPORTAMIENTOS\COMPORTAMIENTOS\DEBUG\IMAGE.OBJ
C:\USERS\CARLOS\DOCUMENTS\PROYECTOS VISUAL STUDIO 2010\VS2012\COMPORTAMIENTOS\COMPORTAMIENTOS\DEBUG\ISOMETRICMAP.OBJ
C:\USERS\CARLOS\DOCUMENTS\PROYECTOS VISUAL STUDIO 2010\VS2012\COMPORTAMIENTOS\COMPORTAMIENTOS\DEBUG\ISOMETRICSCENE.OBJ
C:\USERS\CARLOS\DOCUMENTS\PROYECTOS VISUAL STUDIO 2010\VS2012\COMPORTAMIENTOS\COMPORTAMIENTOS\DEBUG\ISOMETRICSPRITE.OBJ
C:\USERS\CARLOS\DOCUMENTS\PROYECTOS VISUAL STUDIO 2010\VS2012\COMPORTAMIENTOS\COMPORTAMIENTOS\DEBUG\MAP.OBJ
C:\USERS\CARLOS\DOCUMENTS\PROYECTOS VISUAL STUDIO 2010\VS2012\COMPORTAMIENTOS\COMPORTAMIENTOS\DEBUG\MAPSCENE.OBJ
C:\USERS\CARLOS\DOCUMENTS\PROYECTOS VISUAL STUDIO 2010\VS2012\COMPORTAMIENTOS\COMPORTAMIENTOS\DEBUG\MATH.OBJ
C:\USERS\CARLOS\DOCUMENTS\PROYECTOS VISUAL STUDIO 2010\VS2012\COMPORTAMIENTOS\COMPORTAMIENTOS\DEBUG\PARALLAXSCENE.OBJ
C:\USERS\CARLOS\DOCUMENTS\PROYECTOS VISUAL STUDIO 2010\VS2012\COMPORTAMIENTOS\COMPORTAMIENTOS\DEBUG\PARTICLE.OBJ
C:\USERS\CARLOS\DOCUMENTS\PROYECTOS VISUAL STUDIO 2010\VS2012\COMPORTAMIENTOS\COMPORTAMIENTOS\DEBUG\RENDERER.OBJ
C:\USERS\CARLOS\DOCUMENTS\PROYECTOS VISUAL STUDIO 2010\VS2012\COMPORTAMIENTOS\COMPORTAMIENTOS\DEBUG\RESOURCEMANAGER.OBJ
C:\USERS\CARLOS\DOCUMENTS\PROYECTOS VISUAL STUDIO 2010\VS2012\COMPORTAMIENTOS\COMPORTAMIENTOS\DEBUG\SCENE.OBJ
C:\USERS\CARLOS\DOCUMENTS\PROYECTOS VISUAL STUDIO 2010\VS2012\COMPORTAMIENTOS\COMPORTAMIENTOS\DEBUG\SCREEN.OBJ
C:\USERS\CARLOS\DOCUMENTS\PROYECTOS VISUAL STUDIO 2010\VS2012\COMPORTAMIENTOS\COMPORTAMIENTOS\DEBUG\SKELETONDATA.OBJ
C:\USERS\CARLOS\DOCUMENTS\PROYECTOS VISUAL STUDIO 2010\VS2012\COMPORTAMIENTOS\COMPORTAMIENTOS\DEBUG\SKELETONSPRITE.OBJ
C:\USERS\CARLOS\DOCUMENTS\PROYECTOS VISUAL STUDIO 2010\VS2012\COMPORTAMIENTOS\COMPORTAMIENTOS\DEBUG\SPRITE.OBJ
C:\USERS\CARLOS\DOCUMENTS\PROYECTOS VISUAL STUDIO 2010\VS2012\COMPORTAMIENTOS\COMPORTAMIENTOS\DEBUG\STDAFX.OBJ
C:\USERS\CARLOS\DOCUMENTS\PROYECTOS VISUAL STUDIO 2010\VS2012\COMPORTAMIENTOS\COMPORTAMIENTOS\DEBUG\COMPONENTSFACTORY.OBJ
C:\USERS\CARLOS\DOCUMENTS\PROYECTOS VISUAL STUDIO 2010\VS2012\COMPORTAMIENTOS\COMPORTAMIENTOS\DEBUG\COMPORTAMIENTOS.OBJ
C:\USERS\CARLOS\DOCUMENTS\PROYECTOS VISUAL STUDIO 2010\VS2012\COMPORTAMIENTOS\COMPORTAMIENTOS\DEBUG\ENTITIESFACTORY.OBJ
C:\USERS\CARLOS\DOCUMENTS\PROYECTOS VISUAL STUDIO 2010\VS2012\COMPORTAMIENTOS\COMPORTAMIENTOS\DEBUG\EVENTSMANAGER.OBJ
C:\USERS\CARLOS\DOCUMENTS\PROYECTOS VISUAL STUDIO 2010\VS2012\COMPORTAMIENTOS\COMPORTAMIENTOS\DEBUG\GAME.OBJ
C:\USERS\CARLOS\DOCUMENTS\PROYECTOS VISUAL STUDIO 2010\VS2012\COMPORTAMIENTOS\COMPORTAMIENTOS\DEBUG\SCENEMANAGER.OBJ
C:\USERS\CARLOS\DOCUMENTS\PROYECTOS VISUAL STUDIO 2010\VS2012\COMPORTAMIENTOS\COMPORTAMIENTOS\DEBUG\SOUNDSFACTORY.OBJ
C:\USERS\CARLOS\DOCUMENTS\PROYECTOS VISUAL STUDIO 2010\VS2012\COMPORTAMIENTOS\COMPORTAMIENTOS\DEBUG\SOUNDSMANAGER.OBJ
C:\USERS\CARLOS\DOCUMENTS\PROYECTOS VISUAL STUDIO 2010\VS2012\COMPORTAMIENTOS\COMPORTAMIENTOS\DEBUG\SPRITESFACTORY.OBJ
C:\USERS\CARLOS\DOCUMENTS\PROYECTOS VISUAL STUDIO 2010\VS2012\COMPORTAMIENTOS\COMPORTAMIENTOS\DEBUG\BONE.OBJ
C:\USERS\CARLOS\DOCUMENTS\PROYECTOS VISUAL STUDIO 2010\VS2012\COMPORTAMIENTOS\COMPORTAMIENTOS\DEBUG\CAMERA.OBJ
C:\USERS\CARLOS\DOCUMENTS\PROYECTOS VISUAL STUDIO 2010\VS2012\COMPORTAMIENTOS\COMPORTAMIENTOS\DEBUG\COLLISIONMANAGER.OBJ
C:\USERS\CARLOS\DOCUMENTS\PROYECTOS VISUAL STUDIO 2010\VS2012\COMPORTAMIENTOS\COMPORTAMIENTOS\DEBUG\VC110.PDB
C:\USERS\CARLOS\DOCUMENTS\PROYECTOS VISUAL STUDIO 2010\VS2012\COMPORTAMIENTOS\COMPORTAMIENTOS\DEBUG\BASECOMPONENT.OBJ
C:\USERS\CARLOS\DOCUMENTS\PROYECTOS VISUAL STUDIO 2010\VS2012\COMPORTAMIENTOS\COMPORTAMIENTOS\DEBUG\PLAYERCONTROLLERCOMPONENT.OBJ
C:\USERS\CARLOS\DOCUMENTS\PROYECTOS VISUAL STUDIO 2010\VS2012\COMPORTAMIENTOS\COMPORTAMIENTOS\DEBUG\BASEENTITY.OBJ
C:\USERS\CARLOS\DOCUMENTS\PROYECTOS VISUAL STUDIO 2010\VS2012\COMPORTAMIENTOS\COMPORTAMIENTOS\DEBUG\BUTTONENTITY.OBJ
C:\USERS\CARLOS\DOCUMENTS\PROYECTOS VISUAL STUDIO 2010\VS2012\COMPORTAMIENTOS\COMPORTAMIENTOS\DEBUG\COMPONENTSENTITY.OBJ
C:\USERS\CARLOS\DOCUMENTS\PROYECTOS VISUAL STUDIO 2010\VS2012\COMPORTAMIENTOS\COMPORTAMIENTOS\DEBUG\HARDCODEDPLAYERENTITY.OBJ
C:\USERS\CARLOS\DOCUMENTS\PROYECTOS VISUAL STUDIO 2010\VS2012\COMPORTAMIENTOS\COMPORTAMIENTOS\DEBUG\BASESCENE.OBJ
C:\USERS\CARLOS\DOCUMENTS\PROYECTOS VISUAL STUDIO 2010\VS2012\COMPORTAMIENTOS\COMPORTAMIENTOS\DEBUG\MENUSCENE.OBJ
C:\Users\Carlos\Documents\Proyectos Visual Studio 2010\VS2012\Comportamientos\Comportamientos\Debug\BaseComponent.obj
C:\Users\Carlos\Documents\Proyectos Visual Studio 2010\VS2012\Comportamientos\Comportamientos\Debug\BaseEntity.obj
C:\Users\Carlos\Documents\Proyectos Visual Studio 2010\VS2012\Comportamientos\Comportamientos\Debug\BaseScene.obj
C:\Users\Carlos\Documents\Proyectos Visual Studio 2010\VS2012\Comportamientos\Comportamientos\Debug\bone.obj
C:\Users\Carlos\Documents\Proyectos Visual Studio 2010\VS2012\Comportamientos\Comportamientos\Debug\ButtonEntity.obj
C:\Users\Carlos\Documents\Proyectos Visual Studio 2010\VS2012\Comportamientos\Comportamientos\Debug\camera.obj
C:\Users\Carlos\Documents\Proyectos Visual Studio 2010\VS2012\Comportamientos\Comportamientos\Debug\collisionmanager.obj
C:\Users\Carlos\Documents\Proyectos Visual Studio 2010\VS2012\Comportamientos\Comportamientos\Debug\collisionpixeldata.obj
C:\Users\Carlos\Documents\Proyectos Visual Studio 2010\VS2012\Comportamientos\Comportamientos\Debug\ComponentsEntity.obj
C:\Users\Carlos\Documents\Proyectos Visual Studio 2010\VS2012\Comportamientos\Comportamientos\Debug\ComponentsFactory.obj
C:\Users\Carlos\Documents\Proyectos Visual Studio 2010\VS2012\Comportamientos\Comportamientos\Debug\Comportamientos.obj
C:\Users\Carlos\Documents\Proyectos Visual Studio 2010\VS2012\Comportamientos\Comportamientos\Debug\emitter.obj
C:\Users\Carlos\Documents\Proyectos Visual Studio 2010\VS2012\Comportamientos\Comportamientos\Debug\EntitiesFactory.obj
C:\Users\Carlos\Documents\Proyectos Visual Studio 2010\VS2012\Comportamientos\Comportamientos\Debug\EventsManager.obj
C:\Users\Carlos\Documents\Proyectos Visual Studio 2010\VS2012\Comportamientos\Comportamientos\Debug\font.obj
C:\Users\Carlos\Documents\Proyectos Visual Studio 2010\VS2012\Comportamientos\Comportamientos\Debug\Game.obj
C:\Users\Carlos\Documents\Proyectos Visual Studio 2010\VS2012\Comportamientos\Comportamientos\Debug\HardcodedPlayerEntity.obj
C:\Users\Carlos\Documents\Proyectos Visual Studio 2010\VS2012\Comportamientos\Comportamientos\Debug\image.obj
C:\Users\Carlos\Documents\Proyectos Visual Studio 2010\VS2012\Comportamientos\Comportamientos\Debug\isometricmap.obj
C:\Users\Carlos\Documents\Proyectos Visual Studio 2010\VS2012\Comportamientos\Comportamientos\Debug\isometricscene.obj
C:\Users\Carlos\Documents\Proyectos Visual Studio 2010\VS2012\Comportamientos\Comportamientos\Debug\isometricsprite.obj
C:\Users\Carlos\Documents\Proyectos Visual Studio 2010\VS2012\Comportamientos\Comportamientos\Debug\map.obj
C:\Users\Carlos\Documents\Proyectos Visual Studio 2010\VS2012\Comportamientos\Comportamientos\Debug\mapscene.obj
C:\Users\Carlos\Documents\Proyectos Visual Studio 2010\VS2012\Comportamientos\Comportamientos\Debug\math.obj
C:\Users\Carlos\Documents\Proyectos Visual Studio 2010\VS2012\Comportamientos\Comportamientos\Debug\MenuScene.obj
C:\Users\Carlos\Documents\Proyectos Visual Studio 2010\VS2012\Comportamientos\Comportamientos\Debug\parallaxscene.obj
C:\Users\Carlos\Documents\Proyectos Visual Studio 2010\VS2012\Comportamientos\Comportamientos\Debug\particle.obj
C:\Users\Carlos\Documents\Proyectos Visual Studio 2010\VS2012\Comportamientos\Comportamientos\Debug\PlayerControllerComponent.obj
C:\Users\Carlos\Documents\Proyectos Visual Studio 2010\VS2012\Comportamientos\Comportamientos\Debug\renderer.obj
C:\Users\Carlos\Documents\Proyectos Visual Studio 2010\VS2012\Comportamientos\Comportamientos\Debug\resourcemanager.obj
C:\Users\Carlos\Documents\Proyectos Visual Studio 2010\VS2012\Comportamientos\Comportamientos\Debug\scene.obj
C:\Users\Carlos\Documents\Proyectos Visual Studio 2010\VS2012\Comportamientos\Comportamientos\Debug\SceneManager.obj
C:\Users\Carlos\Documents\Proyectos Visual Studio 2010\VS2012\Comportamientos\Comportamientos\Debug\screen.obj
C:\Users\Carlos\Documents\Proyectos Visual Studio 2010\VS2012\Comportamientos\Comportamientos\Debug\skeletondata.obj
C:\Users\Carlos\Documents\Proyectos Visual Studio 2010\VS2012\Comportamientos\Comportamientos\Debug\skeletonsprite.obj
C:\Users\Carlos\Documents\Proyectos Visual Studio 2010\VS2012\Comportamientos\Comportamientos\Debug\SoundsFactory.obj
C:\Users\Carlos\Documents\Proyectos Visual Studio 2010\VS2012\Comportamientos\Comportamientos\Debug\SoundsManager.obj
C:\Users\Carlos\Documents\Proyectos Visual Studio 2010\VS2012\Comportamientos\Comportamientos\Debug\sprite.obj
C:\Users\Carlos\Documents\Proyectos Visual Studio 2010\VS2012\Comportamientos\Comportamientos\Debug\SpritesFactory.obj
C:\Users\Carlos\Documents\Proyectos Visual Studio 2010\VS2012\Comportamientos\Comportamientos\Debug\stdafx.obj
C:\Users\Carlos\Documents\Proyectos Visual Studio 2010\VS2012\Comportamientos\Comportamientos\Debug\cl.command.1.tlog
C:\Users\Carlos\Documents\Proyectos Visual Studio 2010\VS2012\Comportamientos\Comportamientos\Debug\CL.read.1.tlog
C:\Users\Carlos\Documents\Proyectos Visual Studio 2010\VS2012\Comportamientos\Comportamientos\Debug\CL.write.1.tlog
C:\Users\Carlos\Documents\Proyectos Visual Studio 2010\VS2012\Comportamientos\Comportamientos\Debug\link-cvtres.read.1.tlog
C:\Users\Carlos\Documents\Proyectos Visual Studio 2010\VS2012\Comportamientos\Comportamientos\Debug\link-cvtres.write.1.tlog
C:\Users\Carlos\Documents\Proyectos Visual Studio 2010\VS2012\Comportamientos\Comportamientos\Debug\link-rc.read.1.tlog
C:\Users\Carlos\Documents\Proyectos Visual Studio 2010\VS2012\Comportamientos\Comportamientos\Debug\link-rc.write.1.tlog
C:\Users\Carlos\Documents\Proyectos Visual Studio 2010\VS2012\Comportamientos\Comportamientos\Debug\link.command.1.tlog
C:\Users\Carlos\Documents\Proyectos Visual Studio 2010\VS2012\Comportamientos\Comportamientos\Debug\link.read.1.tlog
C:\Users\Carlos\Documents\Proyectos Visual Studio 2010\VS2012\Comportamientos\Comportamientos\Debug\link.write.1.tlog
C:\Users\Carlos\Documents\Proyectos Visual Studio 2010\VS2012\Comportamientos\Comportamientos\Debug\vc110.idb
C:\Users\Carlos\Documents\Proyectos Visual Studio 2010\VS2012\Comportamientos\Comportamientos\Debug\vc110.pdb
C:\Users\Carlos\Documents\Proyectos Visual Studio 2010\VS2012\Comportamientos\Debug\Comportamientos.pdb
