Build started 28/03/2014 20:46:47.
     1>Project "C:\PlantillaPracticas\u-gine.vcxproj" on node 2 (Build target(s)).
     1>ClCompile:
         C:\Program Files (x86)\Microsoft Visual Studio 11.0\VC\bin\CL.exe /c /Iopenal /Ibass /ZI /nologo /W3 /WX- /Od /Oy- /D _CRT_SECURE_NO_WARNINGS /D WIN32 /D _DEBUG /D _CONSOLE /D _UNICODE /D UNICODE /Gm /EHsc /RTC1 /MDd /GS /fp:precise /Zc:wchar_t /Zc:forScope /Fo"Debug\\" /Fd"Debug\vc110.pdb" /Gd /TP /analyze- /errorReport:prompt main.cpp
         main.cpp
       Link:
         C:\Program Files (x86)\Microsoft Visual Studio 11.0\VC\bin\link.exe /ERRORREPORT:PROMPT /OUT:"C:\PlantillaPracticas\Debug\u-gine.exe" /INCREMENTAL /NOLOGO /LIBPATH:lib bass/bass.lib openal32.lib glfw.win32.lib opengl32.lib kernel32.lib user32.lib gdi32.lib winspool.lib comdlg32.lib advapi32.lib shell32.lib ole32.lib oleaut32.lib uuid.lib odbc32.lib odbccp32.lib kernel32.lib user32.lib gdi32.lib winspool.lib comdlg32.lib advapi32.lib shell32.lib ole32.lib oleaut32.lib uuid.lib odbc32.lib odbccp32.lib /MANIFEST /MANIFESTUAC:"level='asInvoker' uiAccess='false'" /manifest:embed /DEBUG /PDB:"C:\PlantillaPracticas\Debug\u-gine.pdb" /SUBSYSTEM:CONSOLE /TLBID:1 /DYNAMICBASE /NXCOMPAT /IMPLIB:"C:\PlantillaPracticas\Debug\u-gine.lib" /MACHINE:X86 Debug\json.obj
         Debug\leaks.obj
         Debug\leaks_windows.obj
         Debug\stb_image.obj
         Debug\CollisionComponent.obj
         Debug\CollisionManagerL.obj
         Debug\main.obj
         Debug\affector.obj
         Debug\AnimatorComponent.obj
         Debug\audioBuffer.obj
         Debug\audioEngine.obj
         Debug\audioSource.obj
         Debug\BaseComponent.obj
         Debug\BaseEntity.obj
         Debug\BaseSample.obj
         Debug\BaseScene.obj
         Debug\bone.obj
         Debug\BoundComponent.obj
         Debug\BSOEntity.obj
         Debug\camera.obj
         Debug\collisionManager.obj
         Debug\collisionPixelData.obj
         Debug\ComponentFactory.obj
         Debug\DamageComponent.obj
         Debug\emitter.obj
         Debug\EntityFactory.obj
         Debug\Event.obj
         Debug\EventChangeScene.obj
         Debug\EventManager.obj
         Debug\font.obj
         Debug\Game.obj
         Debug\IdFactory.obj
         Debug\image.obj
         Debug\InputComponent.obj
         Debug\InputManager.obj
         Debug\isometricMap.obj
         Debug\isometricScene.obj
         Debug\isometricSprite.obj
         Debug\LabelComponent.obj
         Debug\leaks.obj
         Debug\leaks_windows.obj
         Debug\listener.obj
         Debug\LiveComponent.obj
         Debug\LoadedSample.obj
         Debug\map.obj
         Debug\mapScene.obj
         Debug\math.obj
         Debug\MoveComponent.obj
         Debug\parallaxScene.obj
         Debug\particle.obj
         Debug\PlayerEntity.obj
         Debug\renderer.obj
         Debug\resourcemanager.obj
         Debug\scene.obj
         Debug\SceneManager.obj
         Debug\screen.obj
         Debug\ScreenManager.obj
         Debug\skeletondata.obj
         Debug\skeletonsprite.obj
         Debug\ButtonEntity.obj
         Debug\SoundFactory.obj
         Debug\SoundManager.obj
         Debug\sprite.obj
         Debug\SpriteComponent.obj
         Debug\StaticObstacleEntity.obj
         Debug\StreamSample.obj
     1>Debug\leaks.obj : warning LNK4042: object specified more than once; extras ignored
     1>Debug\leaks_windows.obj : warning LNK4042: object specified more than once; extras ignored
     1>LINK : warning LNK4098: defaultlib 'MSVCRT' conflicts with use of other libs; use /NODEFAULTLIB:library
         u-gine.vcxproj -> C:\PlantillaPracticas\Debug\u-gine.exe
     1>Done Building Project "C:\PlantillaPracticas\u-gine.vcxproj" (Build target(s)).

Build succeeded.

Time Elapsed 00:00:01.26
