C:\USERS\CARLOS\DOCUMENTS\PROYECTOS VISUAL STUDIO 2010\VS2012\PLANTILLAPRACTICAS\DEBUG\STB_IMAGE.OBJ
C:\USERS\CARLOS\DOCUMENTS\PROYECTOS VISUAL STUDIO 2010\VS2012\PLANTILLAPRACTICAS\DEBUG\VC100.PDB
C:\USERS\CARLOS\DOCUMENTS\PROYECTOS VISUAL STUDIO 2010\VS2012\PLANTILLAPRACTICAS\DEBUG\EMITTER.OBJ
C:\USERS\CARLOS\DOCUMENTS\PROYECTOS VISUAL STUDIO 2010\VS2012\PLANTILLAPRACTICAS\DEBUG\FONT.OBJ
C:\USERS\CARLOS\DOCUMENTS\PROYECTOS VISUAL STUDIO 2010\VS2012\PLANTILLAPRACTICAS\DEBUG\IMAGE.OBJ
C:\USERS\CARLOS\DOCUMENTS\PROYECTOS VISUAL STUDIO 2010\VS2012\PLANTILLAPRACTICAS\DEBUG\INPUTMANAGER.OBJ
C:\USERS\CARLOS\DOCUMENTS\PROYECTOS VISUAL STUDIO 2010\VS2012\PLANTILLAPRACTICAS\DEBUG\ISOMETRICMAP.OBJ
C:\USERS\CARLOS\DOCUMENTS\PROYECTOS VISUAL STUDIO 2010\VS2012\PLANTILLAPRACTICAS\DEBUG\ISOMETRICSCENE.OBJ
C:\USERS\CARLOS\DOCUMENTS\PROYECTOS VISUAL STUDIO 2010\VS2012\PLANTILLAPRACTICAS\DEBUG\ISOMETRICSPRITE.OBJ
C:\USERS\CARLOS\DOCUMENTS\PROYECTOS VISUAL STUDIO 2010\VS2012\PLANTILLAPRACTICAS\DEBUG\LISTENER.OBJ
C:\USERS\CARLOS\DOCUMENTS\PROYECTOS VISUAL STUDIO 2010\VS2012\PLANTILLAPRACTICAS\DEBUG\MAP.OBJ
C:\USERS\CARLOS\DOCUMENTS\PROYECTOS VISUAL STUDIO 2010\VS2012\PLANTILLAPRACTICAS\DEBUG\MAPSCENE.OBJ
C:\USERS\CARLOS\DOCUMENTS\PROYECTOS VISUAL STUDIO 2010\VS2012\PLANTILLAPRACTICAS\DEBUG\MATH.OBJ
C:\USERS\CARLOS\DOCUMENTS\PROYECTOS VISUAL STUDIO 2010\VS2012\PLANTILLAPRACTICAS\DEBUG\PARALLAXSCENE.OBJ
C:\USERS\CARLOS\DOCUMENTS\PROYECTOS VISUAL STUDIO 2010\VS2012\PLANTILLAPRACTICAS\DEBUG\PARTICLE.OBJ
C:\USERS\CARLOS\DOCUMENTS\PROYECTOS VISUAL STUDIO 2010\VS2012\PLANTILLAPRACTICAS\DEBUG\RENDERER.OBJ
C:\USERS\CARLOS\DOCUMENTS\PROYECTOS VISUAL STUDIO 2010\VS2012\PLANTILLAPRACTICAS\DEBUG\RESOURCEMANAGER.OBJ
C:\USERS\CARLOS\DOCUMENTS\PROYECTOS VISUAL STUDIO 2010\VS2012\PLANTILLAPRACTICAS\DEBUG\SCENE.OBJ
C:\USERS\CARLOS\DOCUMENTS\PROYECTOS VISUAL STUDIO 2010\VS2012\PLANTILLAPRACTICAS\DEBUG\SCREEN.OBJ
C:\USERS\CARLOS\DOCUMENTS\PROYECTOS VISUAL STUDIO 2010\VS2012\PLANTILLAPRACTICAS\DEBUG\SKELETONDATA.OBJ
C:\USERS\CARLOS\DOCUMENTS\PROYECTOS VISUAL STUDIO 2010\VS2012\PLANTILLAPRACTICAS\DEBUG\SKELETONSPRITE.OBJ
C:\USERS\CARLOS\DOCUMENTS\PROYECTOS VISUAL STUDIO 2010\VS2012\PLANTILLAPRACTICAS\DEBUG\SPRITE.OBJ
C:\USERS\CARLOS\DOCUMENTS\PROYECTOS VISUAL STUDIO 2010\VS2012\PLANTILLAPRACTICAS\DEBUG\MAIN.OBJ
C:\USERS\CARLOS\DOCUMENTS\PROYECTOS VISUAL STUDIO 2010\VS2012\PLANTILLAPRACTICAS\DEBUG\AFFECTOR.OBJ
C:\USERS\CARLOS\DOCUMENTS\PROYECTOS VISUAL STUDIO 2010\VS2012\PLANTILLAPRACTICAS\DEBUG\AUDIOBUFFER.OBJ
C:\USERS\CARLOS\DOCUMENTS\PROYECTOS VISUAL STUDIO 2010\VS2012\PLANTILLAPRACTICAS\DEBUG\AUDIOENGINE.OBJ
C:\USERS\CARLOS\DOCUMENTS\PROYECTOS VISUAL STUDIO 2010\VS2012\PLANTILLAPRACTICAS\DEBUG\AUDIOSOURCE.OBJ
C:\USERS\CARLOS\DOCUMENTS\PROYECTOS VISUAL STUDIO 2010\VS2012\PLANTILLAPRACTICAS\DEBUG\BONE.OBJ
C:\USERS\CARLOS\DOCUMENTS\PROYECTOS VISUAL STUDIO 2010\VS2012\PLANTILLAPRACTICAS\DEBUG\CAMERA.OBJ
C:\USERS\CARLOS\DOCUMENTS\PROYECTOS VISUAL STUDIO 2010\VS2012\PLANTILLAPRACTICAS\DEBUG\COLLISIONMANAGER.OBJ
C:\USERS\CARLOS\DOCUMENTS\PROYECTOS VISUAL STUDIO 2010\VS2012\PLANTILLAPRACTICAS\DEBUG\COLLISIONPIXELDATA.OBJ
C:\USERS\CARLOS\DOCUMENTS\PROYECTOS VISUAL STUDIO 2010\VS2012\PLANTILLAPRACTICAS\DEBUG\BASEENTITY.OBJ
C:\USERS\CARLOS\DOCUMENTS\PROYECTOS VISUAL STUDIO 2010\VS2012\PLANTILLAPRACTICAS\DEBUG\BASESCENE.OBJ
C:\USERS\CARLOS\DOCUMENTS\PROYECTOS VISUAL STUDIO 2010\VS2012\PLANTILLAPRACTICAS\DEBUG\ENTITIESFACTORY.OBJ
C:\USERS\CARLOS\DOCUMENTS\PROYECTOS VISUAL STUDIO 2010\VS2012\PLANTILLAPRACTICAS\DEBUG\EVENT.OBJ
C:\USERS\CARLOS\DOCUMENTS\PROYECTOS VISUAL STUDIO 2010\VS2012\PLANTILLAPRACTICAS\DEBUG\GAME.OBJ
C:\USERS\CARLOS\DOCUMENTS\PROYECTOS VISUAL STUDIO 2010\VS2012\PLANTILLAPRACTICAS\DEBUG\SCENEMANAGER.OBJ
C:\USERS\CARLOS\DOCUMENTS\PROYECTOS VISUAL STUDIO 2010\VS2012\PLANTILLAPRACTICAS\DEBUG\LEAKS.OBJ
C:\USERS\CARLOS\DOCUMENTS\PROYECTOS VISUAL STUDIO 2010\VS2012\PLANTILLAPRACTICAS\DEBUG\LEAKS_WINDOWS.OBJ
C:\USERS\CARLOS\DOCUMENTS\PROYECTOS VISUAL STUDIO 2010\VS2012\PLANTILLAPRACTICAS\DEBUG\JSON.OBJ
C:\USERS\CARLOS\DOCUMENTS\PROYECTOS VISUAL STUDIO 2010\VS2012\PLANTILLAPRACTICAS\DEBUG\EVENTMANAGER.OBJ
C:\USERS\CARLOS\DOCUMENTS\PROYECTOS VISUAL STUDIO 2010\VS2012\PLANTILLAPRACTICAS\DEBUG\IDFACTORY.OBJ
C:\USERS\CARLOS\DOCUMENTS\PROYECTOS VISUAL STUDIO 2010\VS2012\PLANTILLAPRACTICAS\DEBUG\PLAYERENTITY.OBJ
C:\USERS\CARLOS\DOCUMENTS\PROYECTOS VISUAL STUDIO 2010\VS2012\PLANTILLAPRACTICAS\DEBUG\ENTITYFACTORY.OBJ
C:\USERS\CARLOS\DOCUMENTS\PROYECTOS VISUAL STUDIO 2010\VS2012\PLANTILLAPRACTICAS\DEBUG\U-GINE.ILK
C:\USERS\CARLOS\DOCUMENTS\PROYECTOS VISUAL STUDIO 2010\VS2012\PLANTILLAPRACTICAS\DEBUG\U-GINE.EXE
C:\USERS\CARLOS\DOCUMENTS\PROYECTOS VISUAL STUDIO 2010\VS2012\PLANTILLAPRACTICAS\DEBUG\U-GINE.EXE.INTERMEDIATE.MANIFEST
C:\USERS\CARLOS\DOCUMENTS\PROYECTOS VISUAL STUDIO 2010\VS2012\PLANTILLAPRACTICAS\DEBUG\U-GINE.PDB
C:\USERS\CARLOS\DOCUMENTS\PROYECTOS VISUAL STUDIO 2010\VS2012\PLANTILLAPRACTICAS\DEBUG\U-GINE.EXE.EMBED.MANIFEST
C:\USERS\CARLOS\DOCUMENTS\PROYECTOS VISUAL STUDIO 2010\VS2012\PLANTILLAPRACTICAS\DEBUG\U-GINE.EXE.EMBED.MANIFEST.RES
C:\Users\Carlos\Documents\Proyectos Visual Studio 2010\VS2012\PlantillaPracticas\Debug\affector.obj
C:\Users\Carlos\Documents\Proyectos Visual Studio 2010\VS2012\PlantillaPracticas\Debug\audioBuffer.obj
C:\Users\Carlos\Documents\Proyectos Visual Studio 2010\VS2012\PlantillaPracticas\Debug\audioEngine.obj
C:\Users\Carlos\Documents\Proyectos Visual Studio 2010\VS2012\PlantillaPracticas\Debug\audioSource.obj
C:\Users\Carlos\Documents\Proyectos Visual Studio 2010\VS2012\PlantillaPracticas\Debug\BaseEntity.obj
C:\Users\Carlos\Documents\Proyectos Visual Studio 2010\VS2012\PlantillaPracticas\Debug\BaseScene.obj
C:\Users\Carlos\Documents\Proyectos Visual Studio 2010\VS2012\PlantillaPracticas\Debug\bone.obj
C:\Users\Carlos\Documents\Proyectos Visual Studio 2010\VS2012\PlantillaPracticas\Debug\camera.obj
C:\Users\Carlos\Documents\Proyectos Visual Studio 2010\VS2012\PlantillaPracticas\Debug\collisionManager.obj
C:\Users\Carlos\Documents\Proyectos Visual Studio 2010\VS2012\PlantillaPracticas\Debug\collisionPixelData.obj
C:\Users\Carlos\Documents\Proyectos Visual Studio 2010\VS2012\PlantillaPracticas\Debug\emitter.obj
C:\Users\Carlos\Documents\Proyectos Visual Studio 2010\VS2012\PlantillaPracticas\Debug\EntitiesFactory.obj
C:\Users\Carlos\Documents\Proyectos Visual Studio 2010\VS2012\PlantillaPracticas\Debug\EntityFactory.obj
C:\Users\Carlos\Documents\Proyectos Visual Studio 2010\VS2012\PlantillaPracticas\Debug\Event.obj
C:\Users\Carlos\Documents\Proyectos Visual Studio 2010\VS2012\PlantillaPracticas\Debug\EventManager.obj
C:\Users\Carlos\Documents\Proyectos Visual Studio 2010\VS2012\PlantillaPracticas\Debug\font.obj
C:\Users\Carlos\Documents\Proyectos Visual Studio 2010\VS2012\PlantillaPracticas\Debug\Game.obj
C:\Users\Carlos\Documents\Proyectos Visual Studio 2010\VS2012\PlantillaPracticas\Debug\IdFactory.obj
C:\Users\Carlos\Documents\Proyectos Visual Studio 2010\VS2012\PlantillaPracticas\Debug\image.obj
C:\Users\Carlos\Documents\Proyectos Visual Studio 2010\VS2012\PlantillaPracticas\Debug\InputManager.obj
C:\Users\Carlos\Documents\Proyectos Visual Studio 2010\VS2012\PlantillaPracticas\Debug\isometricMap.obj
C:\Users\Carlos\Documents\Proyectos Visual Studio 2010\VS2012\PlantillaPracticas\Debug\isometricScene.obj
C:\Users\Carlos\Documents\Proyectos Visual Studio 2010\VS2012\PlantillaPracticas\Debug\isometricSprite.obj
C:\Users\Carlos\Documents\Proyectos Visual Studio 2010\VS2012\PlantillaPracticas\Debug\json.obj
C:\Users\Carlos\Documents\Proyectos Visual Studio 2010\VS2012\PlantillaPracticas\Debug\leaks.obj
C:\Users\Carlos\Documents\Proyectos Visual Studio 2010\VS2012\PlantillaPracticas\Debug\leaks_windows.obj
C:\Users\Carlos\Documents\Proyectos Visual Studio 2010\VS2012\PlantillaPracticas\Debug\listener.obj
C:\Users\Carlos\Documents\Proyectos Visual Studio 2010\VS2012\PlantillaPracticas\Debug\main.obj
C:\Users\Carlos\Documents\Proyectos Visual Studio 2010\VS2012\PlantillaPracticas\Debug\map.obj
C:\Users\Carlos\Documents\Proyectos Visual Studio 2010\VS2012\PlantillaPracticas\Debug\mapScene.obj
C:\Users\Carlos\Documents\Proyectos Visual Studio 2010\VS2012\PlantillaPracticas\Debug\math.obj
C:\Users\Carlos\Documents\Proyectos Visual Studio 2010\VS2012\PlantillaPracticas\Debug\parallaxScene.obj
C:\Users\Carlos\Documents\Proyectos Visual Studio 2010\VS2012\PlantillaPracticas\Debug\particle.obj
C:\Users\Carlos\Documents\Proyectos Visual Studio 2010\VS2012\PlantillaPracticas\Debug\PlayerEntity.obj
C:\Users\Carlos\Documents\Proyectos Visual Studio 2010\VS2012\PlantillaPracticas\Debug\renderer.obj
C:\Users\Carlos\Documents\Proyectos Visual Studio 2010\VS2012\PlantillaPracticas\Debug\resourcemanager.obj
C:\Users\Carlos\Documents\Proyectos Visual Studio 2010\VS2012\PlantillaPracticas\Debug\scene.obj
C:\Users\Carlos\Documents\Proyectos Visual Studio 2010\VS2012\PlantillaPracticas\Debug\SceneManager.obj
C:\Users\Carlos\Documents\Proyectos Visual Studio 2010\VS2012\PlantillaPracticas\Debug\screen.obj
C:\Users\Carlos\Documents\Proyectos Visual Studio 2010\VS2012\PlantillaPracticas\Debug\skeletondata.obj
C:\Users\Carlos\Documents\Proyectos Visual Studio 2010\VS2012\PlantillaPracticas\Debug\skeletonsprite.obj
C:\Users\Carlos\Documents\Proyectos Visual Studio 2010\VS2012\PlantillaPracticas\Debug\sprite.obj
C:\Users\Carlos\Documents\Proyectos Visual Studio 2010\VS2012\PlantillaPracticas\Debug\stb_image.obj
C:\Users\Carlos\Documents\Proyectos Visual Studio 2010\VS2012\PlantillaPracticas\Debug\u-gine.ilk
C:\Users\Carlos\Documents\Proyectos Visual Studio 2010\VS2012\PlantillaPracticas\Debug\cl.command.1.tlog
C:\Users\Carlos\Documents\Proyectos Visual Studio 2010\VS2012\PlantillaPracticas\Debug\CL.read.1.tlog
C:\Users\Carlos\Documents\Proyectos Visual Studio 2010\VS2012\PlantillaPracticas\Debug\CL.write.1.tlog
C:\Users\Carlos\Documents\Proyectos Visual Studio 2010\VS2012\PlantillaPracticas\Debug\link-cvtres.read.1.tlog
C:\Users\Carlos\Documents\Proyectos Visual Studio 2010\VS2012\PlantillaPracticas\Debug\link-cvtres.write.1.tlog
C:\Users\Carlos\Documents\Proyectos Visual Studio 2010\VS2012\PlantillaPracticas\Debug\link.command.1.tlog
C:\Users\Carlos\Documents\Proyectos Visual Studio 2010\VS2012\PlantillaPracticas\Debug\link.read.1.tlog
C:\Users\Carlos\Documents\Proyectos Visual Studio 2010\VS2012\PlantillaPracticas\Debug\link.write.1.tlog
C:\Users\Carlos\Documents\Proyectos Visual Studio 2010\VS2012\PlantillaPracticas\Debug\mt.command.1.tlog
C:\Users\Carlos\Documents\Proyectos Visual Studio 2010\VS2012\PlantillaPracticas\Debug\mt.read.1.tlog
C:\Users\Carlos\Documents\Proyectos Visual Studio 2010\VS2012\PlantillaPracticas\Debug\mt.write.1.tlog
C:\Users\Carlos\Documents\Proyectos Visual Studio 2010\VS2012\PlantillaPracticas\Debug\rc.command.1.tlog
C:\Users\Carlos\Documents\Proyectos Visual Studio 2010\VS2012\PlantillaPracticas\Debug\rc.read.1.tlog
C:\Users\Carlos\Documents\Proyectos Visual Studio 2010\VS2012\PlantillaPracticas\Debug\rc.write.1.tlog
C:\Users\Carlos\Documents\Proyectos Visual Studio 2010\VS2012\PlantillaPracticas\Debug\u-gine.write.1.tlog
C:\Users\Carlos\Documents\Proyectos Visual Studio 2010\VS2012\PlantillaPracticas\Debug\u-gine.exe.embed.manifest
C:\Users\Carlos\Documents\Proyectos Visual Studio 2010\VS2012\PlantillaPracticas\Debug\u-gine.exe.intermediate.manifest
C:\Users\Carlos\Documents\Proyectos Visual Studio 2010\VS2012\PlantillaPracticas\Debug\u-gine.exe.embed.manifest.res
C:\Users\Carlos\Documents\Proyectos Visual Studio 2010\VS2012\PlantillaPracticas\Debug\vc100.idb
C:\Users\Carlos\Documents\Proyectos Visual Studio 2010\VS2012\PlantillaPracticas\Debug\u-gine.pdb
C:\Users\Carlos\Documents\Proyectos Visual Studio 2010\VS2012\PlantillaPracticas\Debug\vc100.pdb
C:\Users\Carlos\Documents\Proyectos Visual Studio 2010\VS2012\PlantillaPracticas\Debug\u-gine_manifest.rc
C:\Users\Carlos\Documents\Proyectos Visual Studio 2010\VS2012\PlantillaPracticas\Debug\u-gine.exe
