C:\USERS\CARLOS\DOCUMENTS\PROYECTOS VISUAL STUDIO 2010\VS2012\U-GINE3D\PLANTILLAPRACTICAS\VC2012\DEBUG\GLEW.OBJ
C:\USERS\CARLOS\DOCUMENTS\PROYECTOS VISUAL STUDIO 2010\VS2012\U-GINE3D\PLANTILLAPRACTICAS\VC2012\DEBUG\STB_IMAGE.OBJ
C:\USERS\CARLOS\DOCUMENTS\PROYECTOS VISUAL STUDIO 2010\VS2012\U-GINE3D\PLANTILLAPRACTICAS\VC2012\DEBUG\VC110.PDB
C:\USERS\CARLOS\DOCUMENTS\PROYECTOS VISUAL STUDIO 2010\VS2012\U-GINE3D\PLANTILLAPRACTICAS\VC2012\DEBUG\MAIN.OBJ
C:\USERS\CARLOS\DOCUMENTS\PROYECTOS VISUAL STUDIO 2010\VS2012\U-GINE3D\PLANTILLAPRACTICAS\VC2012\DEBUG\MATRIX4.OBJ
C:\USERS\CARLOS\DOCUMENTS\PROYECTOS VISUAL STUDIO 2010\VS2012\U-GINE3D\PLANTILLAPRACTICAS\VC2012\DEBUG\QUAT.OBJ
C:\USERS\CARLOS\DOCUMENTS\PROYECTOS VISUAL STUDIO 2010\VS2012\U-GINE3D\PLANTILLAPRACTICAS\VC2012\DEBUG\RENDERER.OBJ
C:\USERS\CARLOS\DOCUMENTS\PROYECTOS VISUAL STUDIO 2010\VS2012\U-GINE3D\PLANTILLAPRACTICAS\VC2012\DEBUG\RESOURCEMANAGER.OBJ
C:\USERS\CARLOS\DOCUMENTS\PROYECTOS VISUAL STUDIO 2010\VS2012\U-GINE3D\PLANTILLAPRACTICAS\VC2012\DEBUG\SCREEN.OBJ
\\REDIRCLU\REDIR$\ALUMNOS\MPVJ\CARLOS.CASTILLO\DESKTOP\U-GINE3D\PLANTILLAPRACTICAS\VC2012\DEBUG\GLEW.OBJ
\\REDIRCLU\REDIR$\ALUMNOS\MPVJ\CARLOS.CASTILLO\DESKTOP\U-GINE3D\PLANTILLAPRACTICAS\VC2012\DEBUG\STB_IMAGE.OBJ
\\REDIRCLU\REDIR$\ALUMNOS\MPVJ\CARLOS.CASTILLO\DESKTOP\U-GINE3D\PLANTILLAPRACTICAS\VC2012\DEBUG\VC110.PDB
\\REDIRCLU\REDIR$\ALUMNOS\MPVJ\CARLOS.CASTILLO\DESKTOP\U-GINE3D\PLANTILLAPRACTICAS\VC2012\DEBUG\MAIN.OBJ
\\REDIRCLU\REDIR$\ALUMNOS\MPVJ\CARLOS.CASTILLO\DESKTOP\U-GINE3D\PLANTILLAPRACTICAS\VC2012\DEBUG\MATRIX4.OBJ
\\REDIRCLU\REDIR$\ALUMNOS\MPVJ\CARLOS.CASTILLO\DESKTOP\U-GINE3D\PLANTILLAPRACTICAS\VC2012\DEBUG\QUAT.OBJ
\\REDIRCLU\REDIR$\ALUMNOS\MPVJ\CARLOS.CASTILLO\DESKTOP\U-GINE3D\PLANTILLAPRACTICAS\VC2012\DEBUG\RENDERER.OBJ
\\REDIRCLU\REDIR$\ALUMNOS\MPVJ\CARLOS.CASTILLO\DESKTOP\U-GINE3D\PLANTILLAPRACTICAS\VC2012\DEBUG\RESOURCEMANAGER.OBJ
\\REDIRCLU\REDIR$\ALUMNOS\MPVJ\CARLOS.CASTILLO\DESKTOP\U-GINE3D\PLANTILLAPRACTICAS\VC2012\DEBUG\SCREEN.OBJ
\\redirclu\redir$\Alumnos\MPVJ\carlos.castillo\Desktop\u-gine3D\PlantillaPracticas\vc2012\Debug\glew.obj
\\redirclu\redir$\Alumnos\MPVJ\carlos.castillo\Desktop\u-gine3D\PlantillaPracticas\vc2012\Debug\main.obj
\\redirclu\redir$\Alumnos\MPVJ\carlos.castillo\Desktop\u-gine3D\PlantillaPracticas\vc2012\Debug\matrix4.obj
\\redirclu\redir$\Alumnos\MPVJ\carlos.castillo\Desktop\u-gine3D\PlantillaPracticas\vc2012\Debug\quat.obj
\\redirclu\redir$\Alumnos\MPVJ\carlos.castillo\Desktop\u-gine3D\PlantillaPracticas\vc2012\Debug\renderer.obj
\\redirclu\redir$\Alumnos\MPVJ\carlos.castillo\Desktop\u-gine3D\PlantillaPracticas\vc2012\Debug\resourcemanager.obj
\\redirclu\redir$\Alumnos\MPVJ\carlos.castillo\Desktop\u-gine3D\PlantillaPracticas\vc2012\Debug\screen.obj
\\redirclu\redir$\Alumnos\MPVJ\carlos.castillo\Desktop\u-gine3D\PlantillaPracticas\vc2012\Debug\stb_image.obj
\\redirclu\redir$\Alumnos\MPVJ\carlos.castillo\Desktop\u-gine3D\PlantillaPracticas\vc2012\Debug\cl.command.1.tlog
\\redirclu\redir$\Alumnos\MPVJ\carlos.castillo\Desktop\u-gine3D\PlantillaPracticas\vc2012\Debug\CL.read.1.tlog
\\redirclu\redir$\Alumnos\MPVJ\carlos.castillo\Desktop\u-gine3D\PlantillaPracticas\vc2012\Debug\CL.write.1.tlog
\\redirclu\redir$\Alumnos\MPVJ\carlos.castillo\Desktop\u-gine3D\PlantillaPracticas\vc2012\Debug\link-cvtres.read.1.tlog
\\redirclu\redir$\Alumnos\MPVJ\carlos.castillo\Desktop\u-gine3D\PlantillaPracticas\vc2012\Debug\link-cvtres.write.1.tlog
\\redirclu\redir$\Alumnos\MPVJ\carlos.castillo\Desktop\u-gine3D\PlantillaPracticas\vc2012\Debug\link-rc.read.1.tlog
\\redirclu\redir$\Alumnos\MPVJ\carlos.castillo\Desktop\u-gine3D\PlantillaPracticas\vc2012\Debug\link-rc.write.1.tlog
\\redirclu\redir$\Alumnos\MPVJ\carlos.castillo\Desktop\u-gine3D\PlantillaPracticas\vc2012\Debug\link.command.1.tlog
\\redirclu\redir$\Alumnos\MPVJ\carlos.castillo\Desktop\u-gine3D\PlantillaPracticas\vc2012\Debug\link.read.1.tlog
\\redirclu\redir$\Alumnos\MPVJ\carlos.castillo\Desktop\u-gine3D\PlantillaPracticas\vc2012\Debug\link.write.1.tlog
\\redirclu\redir$\Alumnos\MPVJ\carlos.castillo\Desktop\u-gine3D\PlantillaPracticas\vc2012\Debug\vc110.idb
\\redirclu\redir$\Alumnos\MPVJ\carlos.castillo\Desktop\u-gine3D\PlantillaPracticas\vc2012\Debug\ugine3d.pdb
\\redirclu\redir$\Alumnos\MPVJ\carlos.castillo\Desktop\u-gine3D\PlantillaPracticas\vc2012\Debug\vc110.pdb
